6/17/2025, 9:19:02 PM CDT 0: 

----------------------------------------------
6/17/2025, 9:19:02 PM CDT 1: Discord starting: {"releaseChannel":"stable","version":"0.0.98"}, modulepath: /home/bobywoby/.config/discord/0.0.98/modules
6/17/2025, 9:19:02 PM CDT 2: ✅ webContents.created web1 ""
6/17/2025, 9:19:02 PM CDT 3: ✅ window.created win1 "discord"
6/17/2025, 9:19:02 PM CDT 4: ✅ webContents.did-finish-load web1
6/17/2025, 9:19:09 PM CDT 5: ✅ webContents.created web2 ""
6/17/2025, 9:19:09 PM CDT 6: ✅ window.created win2 "Discord"
6/17/2025, 9:19:10 PM CDT 7: ✅ webContents.did-finish-load web2
6/17/2025, 9:19:10 PM CDT 8: window.close win1
6/17/2025, 9:19:10 PM CDT 9: webContents.destroyed web1
6/17/2025, 9:19:10 PM CDT 10: window.closed win1
6/17/2025, 9:19:32 PM CDT 11: before-quit
6/17/2025, 9:19:32 PM CDT 12: window.close win2
6/17/2025, 9:19:32 PM CDT 13: webContents.destroyed web2
6/17/2025, 9:19:32 PM CDT 14: window.closed win2
6/17/2025, 9:19:38 PM CDT 0: 

----------------------------------------------
6/17/2025, 9:19:38 PM CDT 1: Discord starting: {"releaseChannel":"stable","version":"0.0.98"}, modulepath: /home/bobywoby/.config/discord/0.0.98/modules
6/17/2025, 9:19:38 PM CDT 2: ✅ webContents.created web1 ""
6/17/2025, 9:19:38 PM CDT 3: ✅ window.created win1 "discord"
6/17/2025, 9:19:38 PM CDT 4: ✅ webContents.did-finish-load web1
6/17/2025, 9:19:38 PM CDT 5: ✅ webContents.created web2 ""
6/17/2025, 9:19:38 PM CDT 6: ✅ window.created win2 "Discord"
6/17/2025, 9:19:39 PM CDT 7: ✅ webContents.did-finish-load web2
6/17/2025, 9:19:39 PM CDT 8: window.close win1
6/17/2025, 9:19:39 PM CDT 9: webContents.destroyed web1
6/17/2025, 9:19:39 PM CDT 10: window.closed win1
6/17/2025, 9:19:44 PM CDT 11: before-quit
6/17/2025, 9:19:44 PM CDT 12: window.close win2
6/17/2025, 9:19:44 PM CDT 13: webContents.destroyed web2
6/17/2025, 9:19:45 PM CDT 14: window.closed win2
6/17/2025, 9:26:33 PM CDT 0: 

----------------------------------------------
6/17/2025, 9:26:33 PM CDT 1: Discord starting: {"releaseChannel":"stable","version":"0.0.98"}, modulepath: /home/bobywoby/.config/discord/0.0.98/modules
6/17/2025, 9:26:33 PM CDT 2: ✅ webContents.created web1 ""
6/17/2025, 9:26:33 PM CDT 3: ✅ window.created win1 "discord"
6/17/2025, 9:26:33 PM CDT 4: ✅ webContents.did-finish-load web1
6/17/2025, 9:26:33 PM CDT 5: ✅ webContents.created web2 ""
6/17/2025, 9:26:33 PM CDT 6: ✅ window.created win2 "Discord"
6/17/2025, 9:26:34 PM CDT 7: ✅ webContents.did-finish-load web2
6/17/2025, 9:26:34 PM CDT 8: window.close win1
6/17/2025, 9:26:34 PM CDT 9: webContents.destroyed web1
6/17/2025, 9:26:34 PM CDT 10: window.closed win1
6/17/2025, 9:27:52 PM CDT 0: 

----------------------------------------------
6/17/2025, 9:27:52 PM CDT 1: Discord starting: {"releaseChannel":"stable","version":"0.0.98"}, modulepath: /home/bobywoby/.config/discord/0.0.98/modules
6/17/2025, 9:28:16 PM CDT 11: window.close win2
6/17/2025, 9:28:48 PM CDT 12: before-quit
6/17/2025, 9:29:09 PM CDT 0: 

----------------------------------------------
6/17/2025, 9:29:09 PM CDT 1: Discord starting: {"releaseChannel":"stable","version":"0.0.98"}, modulepath: /home/bobywoby/.config/discord/0.0.98/modules
6/17/2025, 9:29:09 PM CDT 2: ✅ webContents.created web1 ""
6/17/2025, 9:29:09 PM CDT 3: ✅ window.created win1 "discord"
6/17/2025, 9:29:10 PM CDT 4: ✅ webContents.did-finish-load web1
6/17/2025, 9:29:20 PM CDT 5: ✅ webContents.created web2 ""
6/17/2025, 9:29:20 PM CDT 6: ✅ window.created win2 "Discord"
6/17/2025, 9:29:21 PM CDT 7: ✅ webContents.did-finish-load web2
6/17/2025, 9:29:21 PM CDT 8: window.close win1
6/17/2025, 9:29:21 PM CDT 9: webContents.destroyed web1
6/17/2025, 9:29:21 PM CDT 10: window.closed win1
6/18/2025, 4:42:09 AM CDT 11: before-quit
6/18/2025, 4:42:09 AM CDT 12: window.close win2
6/18/2025, 4:42:11 AM CDT 0: 

----------------------------------------------
6/18/2025, 4:42:11 AM CDT 1: Discord starting: {"releaseChannel":"stable","version":"0.0.98"}, modulepath: /home/bobywoby/.config/discord/0.0.98/modules
6/18/2025, 4:42:11 AM CDT 2: ✅ webContents.created web1 ""
6/18/2025, 4:42:11 AM CDT 3: ✅ window.created win1 "discord"
6/18/2025, 4:42:11 AM CDT 4: Wrote 360144 byte minidump to /home/bobywoby/.config/discord/0.0.98/modules/crashlogs/6_18_2025__4_42_11_AM_CDT-0-minidump.dmp
6/18/2025, 4:42:11 AM CDT 5: Sentry report: {"contexts":{"trace":{"trace_id":"c6d618b63c614b70be40b5b4cd8ac0b9","span_id":"9b6a74e4aff93bcc"},"app":{"app_name":"discord","app_version":"0.0.98","app_start_time":"2025-06-18T02:29:09.402Z"},"os":{"kernel_version":"6.15.2-arch1-1","name":"Arch Linux","version":"\"rolling\""},"browser":{"name":"Chrome"},"chrome":{"name":"Chrome","type":"runtime","version":"134.0.6998.205"},"device":{"arch":"x64","family":"Desktop","language":"en-US","screen_density":1,"screen_resolution":"2560x1600","memory_size":67100708864,"free_memory":56967860224,"processor_count":32,"cpu_description":"13th Gen Intel(R) Core(TM) i9-13950HX","processor_frequency":4558},"node":{"name":"Node","type":"runtime","version":"22.14.0"},"runtime":{"name":"Electron","version":"35.3.0"}},"environment":"stable","release":"0.0.98","user":{"ip_address":"{{auto}}","id":"553046923188240384","username":"bobywoby","email":"bestdogeever865@gmail.com"},"tags":{"event.origin":"electron","event.environment":"native","event.process":"browser","event_type":"native","nativeBuildNumber":"null"},"level":"fatal","platform":"native","breadcrumbs":[{"timestamp":1750238972.241,"category":"console","level":"log","message":"6/18/2025, 4:29:32 AM CDT [Modules] No module updates available."},{"timestamp":1750238972.241,"category":"console","level":"log","message":"legacyModuleUpdater: update-check-finished"},{"timestamp":1750238975.283,"category":"electron","message":"powerMonitor.suspend","type":"ui"},{"timestamp":1750238975.284,"category":"electron","message":"powerMonitor.suspend","type":"ui"},{"timestamp":1750239002.364,"category":"electron","message":"powerMonitor.resume","type":"ui"},{"timestamp":1750239002.365,"category":"electron","message":"powerMonitor.resume","type":"ui"},{"timestamp":1750239005.533,"category":"electron","message":"powerMonitor.suspend","type":"ui"},{"timestamp":1750239005.533,"category":"electron","message":"powerMonitor.suspend","type":"ui"},{"timestamp":1750239032.636,"category":"electron","message":"powerMonitor.resume","type":"ui"},{"timestamp":1750239032.637,"category":"electron","message":"powerMonitor.resume","type":"ui"},{"timestamp":1750239035.784,"category":"electron","message":"powerMonitor.suspend","type":"ui"},{"timestamp":1750239035.784,"category":"electron","message":"powerMonitor.suspend","type":"ui"},{"timestamp":1750239063.127,"category":"electron","message":"powerMonitor.resume","type":"ui"},{"timestamp":1750239063.127,"category":"electron","message":"powerMonitor.resume","type":"ui"},{"timestamp":1750239066.283,"category":"electron","message":"powerMonitor.suspend","type":"ui"},{"timestamp":1750239066.283,"category":"electron","message":"powerMonitor.suspend","type":"ui"},{"timestamp":1750239093.747,"category":"electron","message":"powerMonitor.resume","type":"ui"},{"timestamp":1750239093.748,"category":"electron","message":"powerMonitor.resume","type":"ui"},{"timestamp":1750239096.532,"category":"electron","message":"powerMonitor.suspend","type":"ui"},{"timestamp":1750239096.533,"category":"electron","message":"powerMonitor.suspend","type":"ui"},{"timestamp":1750239123.603,"category":"electron","message":"powerMonitor.resume","type":"ui"},{"timestamp":1750239123.607,"category":"electron","message":"powerMonitor.resume","type":"ui"},{"timestamp":1750239126.781,"category":"electron","message":"powerMonitor.suspend","type":"ui"},{"timestamp":1750239126.782,"category":"electron","message":"powerMonitor.suspend","type":"ui"},{"timestamp":1750239153.81,"category":"electron","message":"powerMonitor.resume","type":"ui"},{"timestamp":1750239153.81,"category":"electron","message":"powerMonitor.resume","type":"ui"},{"timestamp":1750239157.028,"category":"electron","message":"powerMonitor.suspend","type":"ui"},{"timestamp":1750239157.028,"category":"electron","message":"powerMonitor.suspend","type":"ui"},{"timestamp":1750239184.181,"category":"electron","message":"powerMonitor.resume","type":"ui"},{"timestamp":1750239184.182,"category":"electron","message":"powerMonitor.resume","type":"ui"},{"timestamp":1750239184.198,"category":"console","level":"log","message":"mainScreen.UpdaterEvents: CHECK_FOR_UPDATES UPDATE_NOT_AVAILABLE"},{"timestamp":1750239184.199,"category":"console","level":"log","message":"6/18/2025, 4:33:04 AM CDT [Modules] Checking for host updates."},{"timestamp":1750239184.201,"type":"http","category":"electron.net","data":{"url":"https://discord.com/api/updates/stable?platform=linux&version=0.0.98","method":"GET"}},{"timestamp":1750239184.201,"category":"console","level":"log","message":"Error downloading with electron net: net::ERR_INTERNET_DISCONNECTED"},{"timestamp":1750239184.201,"category":"console","level":"log","message":"Falling back to node net library.."},{"timestamp":1750239184.362,"category":"http","data":{"url":"https://discord.com/api/updates/stable","http.method":"GET","http.query":"platform=linux&version=0.0.98"},"type":"http"},{"timestamp":1750239184.362,"category":"console","level":"error","message":"[Updates] Error fetching https://discord.com/api/updates/stable?platform=linux&version=0.0.98: getaddrinfo EAI_AGAIN discord.com"},{"timestamp":1750239184.363,"category":"console","level":"log","message":"6/18/2025, 4:33:04 AM CDT [Modules] Host update failed: Error: getaddrinfo EAI_AGAIN discord.com"},{"timestamp":1750239184.363,"category":"console","level":"log","message":"legacyModuleUpdater: update-check-finished"},{"timestamp":1750239187.283,"category":"electron","message":"powerMonitor.suspend","type":"ui"},{"timestamp":1750239187.283,"category":"electron","message":"powerMonitor.suspend","type":"ui"},{"timestamp":1750239214.271,"category":"electron","message":"powerMonitor.resume","type":"ui"},{"timestamp":1750239214.274,"category":"electron","message":"powerMonitor.resume","type":"ui"},{"timestamp":1750239217.533,"category":"electron","message":"powerMonitor.suspend","type":"ui"},{"timestamp":1750239217.534,"category":"electron","message":"powerMonitor.suspend","type":"ui"},{"timestamp":1750239244.546,"category":"electron","message":"powerMonitor.resume","type":"ui"},{"timestamp":1750239244.546,"category":"electron","message":"powerMonitor.resume","type":"ui"},{"timestamp":1750239247.783,"category":"electron","message":"powerMonitor.suspend","type":"ui"},{"timestamp":1750239247.784,"category":"electron","message":"powerMonitor.suspend","type":"ui"},{"timestamp":1750239274.738,"category":"electron","message":"powerMonitor.resume","type":"ui"},{"timestamp":1750239274.738,"category":"electron","message":"powerMonitor.resume","type":"ui"},{"timestamp":1750239274.741,"category":"console","level":"log","message":"mainScreen.UpdaterEvents: CHECK_FOR_UPDATES UPDATE_NOT_AVAILABLE"},{"timestamp":1750239274.741,"category":"console","level":"log","message":"6/18/2025, 4:34:34 AM CDT [Modules] Checking for host updates."},{"timestamp":1750239274.744,"type":"http","category":"electron.net","data":{"url":"https://discord.com/api/updates/stable?platform=linux&version=0.0.98","method":"GET"}},{"timestamp":1750239274.744,"category":"console","level":"log","message":"Error downloading with electron net: net::ERR_INTERNET_DISCONNECTED"},{"timestamp":1750239274.744,"category":"console","level":"log","message":"Falling back to node net library.."},{"timestamp":1750239274.919,"category":"http","data":{"url":"https://discord.com/api/updates/stable","http.method":"GET","http.query":"platform=linux&version=0.0.98"},"type":"http"},{"timestamp":1750239274.919,"category":"console","level":"error","message":"[Updates] Error fetching https://discord.com/api/updates/stable?platform=linux&version=0.0.98: getaddrinfo EAI_AGAIN discord.com"},{"timestamp":1750239274.92,"category":"console","level":"log","message":"6/18/2025, 4:34:34 AM CDT [Modules] Host update failed: Error: getaddrinfo EAI_AGAIN discord.com"},{"timestamp":1750239274.92,"category":"console","level":"log","message":"legacyModuleUpdater: update-check-finished"},{"timestamp":1750239278.033,"category":"electron","message":"powerMonitor.suspend","type":"ui"},{"timestamp":1750239278.033,"category":"electron","message":"powerMonitor.suspend","type":"ui"},{"timestamp":1750239304.991,"category":"electron","message":"powerMonitor.resume","type":"ui"},{"timestamp":1750239304.991,"category":"electron","message":"powerMonitor.resume","type":"ui"},{"timestamp":1750239308.283,"category":"electron","message":"powerMonitor.suspend","type":"ui"},{"timestamp":1750239308.284,"category":"electron","message":"powerMonitor.suspend","type":"ui"},{"timestamp":1750239335.36,"category":"electron","message":"powerMonitor.resume","type":"ui"},{"timestamp":1750239335.362,"category":"electron","message":"powerMonitor.resume","type":"ui"},{"timestamp":1750239338.533,"category":"electron","message":"powerMonitor.suspend","type":"ui"},{"timestamp":1750239338.533,"category":"electron","message":"powerMonitor.suspend","type":"ui"},{"timestamp":1750239365.593,"category":"electron","message":"powerMonitor.resume","type":"ui"},{"timestamp":1750239365.594,"category":"electron","message":"powerMonitor.resume","type":"ui"},{"timestamp":1750239368.782,"category":"electron","message":"powerMonitor.suspend","type":"ui"},{"timestamp":1750239368.783,"category":"electron","message":"powerMonitor.suspend","type":"ui"},{"timestamp":1750239398.071,"category":"electron","message":"powerMonitor.resume","type":"ui"},{"timestamp":1750239398.071,"category":"electron","message":"powerMonitor.resume","type":"ui"},{"timestamp":1750239399.035,"category":"electron","message":"powerMonitor.suspend","type":"ui"},{"timestamp":1750239399.036,"category":"electron","message":"powerMonitor.suspend","type":"ui"},{"timestamp":1750239426.28,"category":"electron","message":"powerMonitor.resume","type":"ui"},{"timestamp":1750239426.28,"category":"electron","message":"powerMonitor.resume","type":"ui"},{"timestamp":1750239429.286,"category":"electron","message":"powerMonitor.suspend","type":"ui"},{"timestamp":1750239429.287,"category":"electron","message":"powerMonitor.suspend","type":"ui"},{"timestamp":1750239459.021,"category":"electron","message":"powerMonitor.resume","type":"ui"},{"timestamp":1750239459.023,"category":"electron","message":"powerMonitor.resume","type":"ui"},{"timestamp":1750239463.613,"category":"console","level":"log","message":"mainScreen.UpdaterEvents: CHECK_FOR_UPDATES UPDATE_NOT_AVAILABLE"},{"timestamp":1750239463.614,"category":"console","level":"log","message":"6/18/2025, 4:37:43 AM CDT [Modules] Checking for host updates."},{"timestamp":1750239463.778,"type":"http","category":"electron.net","data":{"url":"https://discord.com/api/updates/stable?platform=linux&version=0.0.98","method":"GET","status_code":204}},{"timestamp":1750239463.779,"category":"console","level":"log","message":"6/18/2025, 4:37:43 AM CDT [Modules] Host is up to date."},{"timestamp":1750239463.78,"category":"console","level":"log","message":"6/18/2025, 4:37:43 AM CDT [Modules] Checking for module updates at https://discord.com/api/modules/stable/versions.json"},{"timestamp":1750239463.862,"type":"http","category":"electron.net","data":{"url":"https://discord.com/api/modules/stable/versions.json?host_version=0.0.98&platform=linux&_=5834131","method":"GET","status_code":200}},{"timestamp":1750239463.864,"category":"console","level":"log","message":"6/18/2025, 4:37:43 AM CDT [Modules] No module updates available."},{"timestamp":1750239463.864,"category":"console","level":"log","message":"legacyModuleUpdater: update-check-finished"},{"timestamp":1750239577.103,"category":"console","level":"log","message":"mainScreen.UpdaterEvents: CHECK_FOR_UPDATES UPDATE_NOT_AVAILABLE"},{"timestamp":1750239577.103,"category":"console","level":"log","message":"6/18/2025, 4:39:37 AM CDT [Modules] Checking for host updates."},{"timestamp":1750239577.242,"type":"http","category":"electron.net","data":{"url":"https://discord.com/api/updates/stable?platform=linux&version=0.0.98","method":"GET","status_code":204}},{"timestamp":1750239577.244,"category":"console","level":"log","message":"6/18/2025, 4:39:37 AM CDT [Modules] Host is up to date."},{"timestamp":1750239577.244,"category":"console","level":"log","message":"6/18/2025, 4:39:37 AM CDT [Modules] Checking for module updates at https://discord.com/api/modules/stable/versions.json"},{"timestamp":1750239577.249,"type":"http","category":"electron.net","data":{"url":"https://discord.com/api/modules/stable/versions.json?host_version=0.0.98&platform=linux&_=5834131","method":"GET","status_code":200}},{"timestamp":1750239577.251,"category":"console","level":"log","message":"6/18/2025, 4:39:37 AM CDT [Modules] No module updates available."},{"timestamp":1750239577.251,"category":"console","level":"log","message":"legacyModuleUpdater: update-check-finished"},{"timestamp":1750239731.416,"category":"console","level":"log","message":"Discord 0.0.98"},{"timestamp":1750239731.5,"category":"electron","message":"app.will-finish-launching","type":"ui"},{"timestamp":1750239731.502,"category":"electron","message":"app.ready","type":"ui"},{"timestamp":1750239731.506,"category":"electron","message":"app.session-created","type":"ui"},{"timestamp":1750239731.506,"category":"console","level":"warning","message":"(electron) 'session.getPreloads' is deprecated and will be removed. Please use 'session.getPreloadScripts' instead."},{"timestamp":1750239731.506,"category":"console","level":"warning","message":"(electron) 'session.setPreloads' is deprecated and will be removed. Please use 'session.registerPreloadScript' instead."},{"timestamp":1750239731.507,"category":"console","level":"log","message":"Starting app."},{"timestamp":1750239731.508,"category":"console","level":"log","message":"Starting updater."},{"timestamp":1750239731.515,"category":"console","level":"log","message":"6/18/2025, 4:42:11 AM CDT [Modules] Modules initializing"},{"timestamp":1750239731.516,"category":"console","level":"log","message":"6/18/2025, 4:42:11 AM CDT [Modules] Distribution: remote"},{"timestamp":1750239731.516,"category":"console","level":"log","message":"6/18/2025, 4:42:11 AM CDT [Modules] Host updates: enabled"},{"timestamp":1750239731.516,"category":"console","level":"log","message":"6/18/2025, 4:42:11 AM CDT [Modules] Module updates: enabled"},{"timestamp":1750239731.516,"category":"console","level":"log","message":"6/18/2025, 4:42:11 AM CDT [Modules] Module install path: /home/bobywoby/.config/discord/0.0.98/modules"},{"timestamp":1750239731.516,"category":"console","level":"log","message":"6/18/2025, 4:42:11 AM CDT [Modules] Module installed file path: /home/bobywoby/.config/discord/0.0.98/modules/installed.json"},{"timestamp":1750239731.516,"category":"console","level":"log","message":"6/18/2025, 4:42:11 AM CDT [Modules] Module download path: /home/bobywoby/.config/discord/0.0.98/modules/pending"},{"timestamp":1750239731.517,"category":"console","level":"log","message":"splashScreen.initSplash(false)"},{"timestamp":1750239731.517,"category":"console","level":"log","message":"CDM component API found"},{"timestamp":1750239731.528,"category":"electron","message":"app.web-contents-created","type":"ui"},{"timestamp":1750239731.528,"category":"electron","message":"app.browser-window-created","type":"ui"},{"timestamp":1750239731.538,"category":"console","level":"log","message":"blackbox: 6/18/2025, 4:42:11 AM CDT 0 \n\n----------------------------------------------"},{"timestamp":1750239731.54,"category":"console","level":"log","message":"CDM completed with status: cdm-ready-success"},{"timestamp":1750239731.544,"category":"console","level":"log","message":"blackbox: 6/18/2025, 4:42:11 AM CDT 1 Discord starting: {\"releaseChannel\":\"stable\",\"version\":\"0.0.98\"}, modulepath: /home/bobywoby/.config/discord/0.0.98/modules"},{"timestamp":1750239731.546,"category":"console","level":"log","message":"blackbox: 6/18/2025, 4:42:11 AM CDT 2 ✅ webContents.created web1 \"\""}],"event_id":"674ba41a741a44dd950f08f38d4ffe97","timestamp":1750239731.547,"sdk":{"integrations":["SentryMinidump","ElectronBreadcrumbs","Net","MainContext","ChildProcess","OnUncaughtException","PreloadInjection","AdditionalContext","Screenshots","RendererProfiling","InboundFilters","FunctionToString","LinkedErrors","RequestData","Console","Http","Undici","OnUnhandledRejection","ContextLines","LocalVariables","Modules"],"name":"sentry.javascript.electron","version":"4.24.0","packages":[{"name":"npm:@sentry/electron","version":"4.24.0"}]},"modules":{"mkdirp":"1.0.4","yauzl":"2.10.0","fd-slicer":"1.1.0","pend":"1.2.0","buffer-crc32":"0.2.13","rimraf":"2.7.1","glob":"7.2.3","fs.realpath":"1.0.0","minimatch":"3.1.2","brace-expansion":"1.1.11","concat-map":"0.0.1","balanced-match":"1.0.2","inherits":"2.0.4","path-is-absolute":"1.0.1","inflight":"1.0.6","wrappy":"1.0.2","once":"1.4.0","request":"2.88.0","extend":"3.0.2","tough-cookie":"2.4.3","psl":"1.15.0","json-stringify-safe":"5.0.1","safe-buffer":"5.2.1","aws-sign2":"0.7.0","aws4":"1.13.2","http-signature":"1.2.0","assert-plus":"1.0.0","sshpk":"1.18.0","safer-buffer":"2.1.2","asn1":"0.2.6","ecc-jsbn":"0.1.2","jsbn":"0.1.1","tweetnacl":"0.14.5","jsprim":"1.4.2","extsprintf":"1.3.0","verror":"1.10.0","core-util-is":"1.0.2","json-schema":"0.4.0","mime-types":"2.1.35","mime-db":"1.52.0","caseless":"0.12.0","forever-agent":"0.6.1","form-data":"2.3.3","combined-stream":"1.0.8","delayed-stream":"1.0.0","asynckit":"0.4.0","isstream":"0.1.2","is-typedarray":"1.0.0","qs":"6.5.3","har-validator":"5.1.5","ajv":"6.12.6","uri-js":"4.4.1","fast-deep-equal":"3.1.3","json-schema-traverse":"0.4.1","fast-json-stable-stringify":"2.1.0","har-schema":"2.0.0","uuid":"3.4.0","oauth-sign":"0.9.0","tunnel-agent":"0.6.0","performance-now":"2.1.0","arch":"2.2.0","tslib":"2.8.1","localforage":"1.10.0","deepmerge":"4.3.0","electron-log":"5.2.0"},"extra":{"release_channel":"stable","sentry":{"environment":"stable","release":"0.0.98"},"wm":"Hyprland,unknown","distro":"\"Arch Linux\""}}
6/18/2025, 4:42:11 AM CDT 6: ✅ webContents.created web2 ""
6/18/2025, 4:42:11 AM CDT 7: ✅ window.created win2 "Discord"
6/18/2025, 4:42:11 AM CDT 8: ✅ webContents.did-finish-load web1
6/18/2025, 4:42:12 AM CDT 9: ✅ webContents.did-finish-load web2
6/18/2025, 4:42:12 AM CDT 10: window.close win1
6/18/2025, 4:42:12 AM CDT 11: webContents.destroyed web1
6/18/2025, 4:42:12 AM CDT 12: window.closed win1
6/18/2025, 2:50:22 PM CDT 0: 

----------------------------------------------
6/18/2025, 2:50:22 PM CDT 1: Discord starting: {"releaseChannel":"stable","version":"0.0.98"}, modulepath: /home/bobywoby/.config/discord/0.0.98/modules
6/18/2025, 2:50:22 PM CDT 2: ✅ webContents.created web1 ""
6/18/2025, 2:50:22 PM CDT 3: ✅ window.created win1 "discord"
6/18/2025, 2:50:23 PM CDT 4: ✅ webContents.did-finish-load web1
6/18/2025, 2:50:23 PM CDT 5: ✅ webContents.created web2 ""
6/18/2025, 2:50:23 PM CDT 6: ✅ window.created win2 "Discord"
6/18/2025, 2:50:24 PM CDT 7: ✅ webContents.did-finish-load web2
6/18/2025, 2:50:25 PM CDT 8: window.close win1
6/18/2025, 2:50:25 PM CDT 9: webContents.destroyed web1
6/18/2025, 2:50:25 PM CDT 10: window.closed win1
6/20/2025, 10:14:38 PM CDT 0: 

----------------------------------------------
6/20/2025, 10:14:38 PM CDT 1: Discord starting: {"releaseChannel":"stable","version":"0.0.98"}, modulepath: /home/bobywoby/.config/discord/0.0.98/modules
6/20/2025, 10:14:38 PM CDT 2: ✅ webContents.created web1 ""
6/20/2025, 10:14:38 PM CDT 3: ✅ window.created win1 "discord"
6/20/2025, 10:14:38 PM CDT 4: ✅ webContents.did-finish-load web1
6/20/2025, 10:14:48 PM CDT 5: ✅ webContents.created web2 ""
6/20/2025, 10:14:48 PM CDT 6: ✅ window.created win2 "Discord"
6/20/2025, 10:14:51 PM CDT 7: ✅ webContents.did-finish-load web2
6/20/2025, 10:14:53 PM CDT 8: window.close win1
6/20/2025, 10:14:53 PM CDT 9: webContents.destroyed web1
6/20/2025, 10:14:53 PM CDT 10: window.closed win1
6/20/2025, 10:17:30 PM CDT 11: before-quit
6/20/2025, 10:18:41 PM CDT 0: 

----------------------------------------------
6/20/2025, 10:18:41 PM CDT 1: Discord starting: {"releaseChannel":"stable","version":"0.0.98"}, modulepath: /home/bobywoby/.config/discord/0.0.98/modules
6/20/2025, 10:18:41 PM CDT 2: ✅ webContents.created web1 ""
6/20/2025, 10:18:41 PM CDT 3: ✅ window.created win1 "discord"
6/20/2025, 10:18:41 PM CDT 4: ✅ webContents.did-finish-load web1
6/20/2025, 10:18:51 PM CDT 5: ✅ webContents.created web2 ""
6/20/2025, 10:18:51 PM CDT 6: ✅ window.created win2 "Discord"
6/20/2025, 10:18:52 PM CDT 7: ✅ webContents.did-finish-load web2
6/20/2025, 10:18:52 PM CDT 8: window.close win1
6/20/2025, 10:18:52 PM CDT 9: webContents.destroyed web1
6/20/2025, 10:18:52 PM CDT 10: window.closed win1
