5/17/2025, 11:32:26 AM CDT [Modules] Modules initializing
5/17/2025, 11:32:26 AM CDT [Modules] Distribution: remote
5/17/2025, 11:32:26 AM CDT [Modules] Host updates: enabled
5/17/2025, 11:32:26 AM CDT [Modules] Module updates: enabled
5/17/2025, 11:32:26 AM CDT [Modules] Module install path: /home/bobywoby/.config/discord/0.0.94/modules
5/17/2025, 11:32:26 AM CDT [Modules] Module installed file path: /home/bobywoby/.config/discord/0.0.94/modules/installed.json
5/17/2025, 11:32:26 AM CDT [Modules] Module download path: /home/bobywoby/.config/discord/0.0.94/modules/pending
5/17/2025, 11:32:26 AM CDT [Modules] Bootstrapping...
5/17/2025, 11:32:26 AM CDT [Modules] Installing discord_desktop_core@0 from /var/lib/flatpak/app/com.discordapp.Discord/x86_64/stable/ca05d2f153da6573c1c00b377d649797983cc697eae9342aaefa8d57565a04e7/files/discord/resources/bootstrap/discord_desktop_core.zip
5/17/2025, 11:32:26 AM CDT [Modules] Failed installing discord_desktop_core@0: Error: ENOENT: no such file or directory, open '/var/lib/flatpak/app/com.discordapp.Discord/x86_64/stable/ca05d2f153da6573c1c00b377d649797983cc697eae9342aaefa8d57565a04e7/files/discord/resources/bootstrap/discord_desktop_core.zip'
5/17/2025, 11:32:26 AM CDT [Modules] Installing discord_erlpack@0 from /var/lib/flatpak/app/com.discordapp.Discord/x86_64/stable/ca05d2f153da6573c1c00b377d649797983cc697eae9342aaefa8d57565a04e7/files/discord/resources/bootstrap/discord_erlpack.zip
5/17/2025, 11:32:26 AM CDT [Modules] Failed installing discord_erlpack@0: Error: ENOENT: no such file or directory, open '/var/lib/flatpak/app/com.discordapp.Discord/x86_64/stable/ca05d2f153da6573c1c00b377d649797983cc697eae9342aaefa8d57565a04e7/files/discord/resources/bootstrap/discord_erlpack.zip'
5/17/2025, 11:32:26 AM CDT [Modules] Installing discord_spellcheck@0 from /var/lib/flatpak/app/com.discordapp.Discord/x86_64/stable/ca05d2f153da6573c1c00b377d649797983cc697eae9342aaefa8d57565a04e7/files/discord/resources/bootstrap/discord_spellcheck.zip
5/17/2025, 11:32:26 AM CDT [Modules] Failed installing discord_spellcheck@0: Error: ENOENT: no such file or directory, open '/var/lib/flatpak/app/com.discordapp.Discord/x86_64/stable/ca05d2f153da6573c1c00b377d649797983cc697eae9342aaefa8d57565a04e7/files/discord/resources/bootstrap/discord_spellcheck.zip'
5/17/2025, 11:32:26 AM CDT [Modules] Installing discord_utils@0 from /var/lib/flatpak/app/com.discordapp.Discord/x86_64/stable/ca05d2f153da6573c1c00b377d649797983cc697eae9342aaefa8d57565a04e7/files/discord/resources/bootstrap/discord_utils.zip
5/17/2025, 11:32:26 AM CDT [Modules] Failed installing discord_utils@0: Error: ENOENT: no such file or directory, open '/var/lib/flatpak/app/com.discordapp.Discord/x86_64/stable/ca05d2f153da6573c1c00b377d649797983cc697eae9342aaefa8d57565a04e7/files/discord/resources/bootstrap/discord_utils.zip'
5/17/2025, 11:32:26 AM CDT [Modules] Installing discord_voice@0 from /var/lib/flatpak/app/com.discordapp.Discord/x86_64/stable/ca05d2f153da6573c1c00b377d649797983cc697eae9342aaefa8d57565a04e7/files/discord/resources/bootstrap/discord_voice.zip
5/17/2025, 11:32:26 AM CDT [Modules] Failed installing discord_voice@0: Error: ENOENT: no such file or directory, open '/var/lib/flatpak/app/com.discordapp.Discord/x86_64/stable/ca05d2f153da6573c1c00b377d649797983cc697eae9342aaefa8d57565a04e7/files/discord/resources/bootstrap/discord_voice.zip'
5/17/2025, 11:32:26 AM CDT [Modules] Installing discord_zstd@0 from /var/lib/flatpak/app/com.discordapp.Discord/x86_64/stable/ca05d2f153da6573c1c00b377d649797983cc697eae9342aaefa8d57565a04e7/files/discord/resources/bootstrap/discord_zstd.zip
5/17/2025, 11:32:26 AM CDT [Modules] Failed installing discord_zstd@0: Error: ENOENT: no such file or directory, open '/var/lib/flatpak/app/com.discordapp.Discord/x86_64/stable/ca05d2f153da6573c1c00b377d649797983cc697eae9342aaefa8d57565a04e7/files/discord/resources/bootstrap/discord_zstd.zip'
5/17/2025, 11:32:26 AM CDT [Modules] Finished module installations. [success: 0] [failure: 6]
5/17/2025, 11:32:26 AM CDT [Modules] Checking for host updates.
5/17/2025, 11:32:27 AM CDT [Modules] Host is up to date.
5/17/2025, 11:32:27 AM CDT [Modules] Checking for module updates at https://discord.com/api/modules/stable/versions.json
5/17/2025, 11:32:27 AM CDT [Modules] Module update available: discord_desktop_core@1 [installed: 0]
5/17/2025, 11:32:27 AM CDT [Modules] Module update available: discord_erlpack@1 [installed: 0]
5/17/2025, 11:32:27 AM CDT [Modules] Module update available: discord_spellcheck@1 [installed: 0]
5/17/2025, 11:32:27 AM CDT [Modules] Module update available: discord_utils@1 [installed: 0]
5/17/2025, 11:32:27 AM CDT [Modules] Module update available: discord_voice@2 [installed: 0]
5/17/2025, 11:32:27 AM CDT [Modules] Module update available: discord_zstd@1 [installed: 0]
5/17/2025, 11:32:27 AM CDT [Modules] Fetching discord_desktop_core@1 from https://discord.com/api/modules/stable/discord_desktop_core/1
5/17/2025, 11:32:27 AM CDT [Modules] Streaming discord_desktop_core@1 to /home/bobywoby/.config/discord/0.0.94/modules/pending/discord_desktop_core-1.zip
5/17/2025, 11:32:27 AM CDT [Modules] Streaming discord_desktop_core@1 to /home/bobywoby/.config/discord/0.0.94/modules/pending/discord_desktop_core-1.zip: 1%
5/17/2025, 11:32:27 AM CDT [Modules] Streaming discord_desktop_core@1 to /home/bobywoby/.config/discord/0.0.94/modules/pending/discord_desktop_core-1.zip: 2%
5/17/2025, 11:32:27 AM CDT [Modules] Streaming discord_desktop_core@1 to /home/bobywoby/.config/discord/0.0.94/modules/pending/discord_desktop_core-1.zip: 3%
5/17/2025, 11:32:27 AM CDT [Modules] Streaming discord_desktop_core@1 to /home/bobywoby/.config/discord/0.0.94/modules/pending/discord_desktop_core-1.zip: 4%
5/17/2025, 11:32:27 AM CDT [Modules] Streaming discord_desktop_core@1 to /home/bobywoby/.config/discord/0.0.94/modules/pending/discord_desktop_core-1.zip: 5%
5/17/2025, 11:32:27 AM CDT [Modules] Streaming discord_desktop_core@1 to /home/bobywoby/.config/discord/0.0.94/modules/pending/discord_desktop_core-1.zip: 6%
5/17/2025, 11:32:27 AM CDT [Modules] Streaming discord_desktop_core@1 to /home/bobywoby/.config/discord/0.0.94/modules/pending/discord_desktop_core-1.zip: 7%
5/17/2025, 11:32:27 AM CDT [Modules] Streaming discord_desktop_core@1 to /home/bobywoby/.config/discord/0.0.94/modules/pending/discord_desktop_core-1.zip: 9%
5/17/2025, 11:32:27 AM CDT [Modules] Streaming discord_desktop_core@1 to /home/bobywoby/.config/discord/0.0.94/modules/pending/discord_desktop_core-1.zip: 11%
5/17/2025, 11:32:27 AM CDT [Modules] Streaming discord_desktop_core@1 to /home/bobywoby/.config/discord/0.0.94/modules/pending/discord_desktop_core-1.zip: 14%
5/17/2025, 11:32:27 AM CDT [Modules] Streaming discord_desktop_core@1 to /home/bobywoby/.config/discord/0.0.94/modules/pending/discord_desktop_core-1.zip: 16%
5/17/2025, 11:32:27 AM CDT [Modules] Streaming discord_desktop_core@1 to /home/bobywoby/.config/discord/0.0.94/modules/pending/discord_desktop_core-1.zip: 19%
5/17/2025, 11:32:27 AM CDT [Modules] Streaming discord_desktop_core@1 to /home/bobywoby/.config/discord/0.0.94/modules/pending/discord_desktop_core-1.zip: 20%
5/17/2025, 11:32:27 AM CDT [Modules] Streaming discord_desktop_core@1 to /home/bobywoby/.config/discord/0.0.94/modules/pending/discord_desktop_core-1.zip: 21%
5/17/2025, 11:32:27 AM CDT [Modules] Streaming discord_desktop_core@1 to /home/bobywoby/.config/discord/0.0.94/modules/pending/discord_desktop_core-1.zip: 24%
5/17/2025, 11:32:27 AM CDT [Modules] Streaming discord_desktop_core@1 to /home/bobywoby/.config/discord/0.0.94/modules/pending/discord_desktop_core-1.zip: 25%
5/17/2025, 11:32:27 AM CDT [Modules] Streaming discord_desktop_core@1 to /home/bobywoby/.config/discord/0.0.94/modules/pending/discord_desktop_core-1.zip: 26%
5/17/2025, 11:32:27 AM CDT [Modules] Streaming discord_desktop_core@1 to /home/bobywoby/.config/discord/0.0.94/modules/pending/discord_desktop_core-1.zip: 29%
5/17/2025, 11:32:27 AM CDT [Modules] Streaming discord_desktop_core@1 to /home/bobywoby/.config/discord/0.0.94/modules/pending/discord_desktop_core-1.zip: 32%
5/17/2025, 11:32:27 AM CDT [Modules] Streaming discord_desktop_core@1 to /home/bobywoby/.config/discord/0.0.94/modules/pending/discord_desktop_core-1.zip: 33%
5/17/2025, 11:32:27 AM CDT [Modules] Streaming discord_desktop_core@1 to /home/bobywoby/.config/discord/0.0.94/modules/pending/discord_desktop_core-1.zip: 35%
5/17/2025, 11:32:27 AM CDT [Modules] Streaming discord_desktop_core@1 to /home/bobywoby/.config/discord/0.0.94/modules/pending/discord_desktop_core-1.zip: 38%
5/17/2025, 11:32:27 AM CDT [Modules] Streaming discord_desktop_core@1 to /home/bobywoby/.config/discord/0.0.94/modules/pending/discord_desktop_core-1.zip: 40%
5/17/2025, 11:32:27 AM CDT [Modules] Streaming discord_desktop_core@1 to /home/bobywoby/.config/discord/0.0.94/modules/pending/discord_desktop_core-1.zip: 46%
5/17/2025, 11:32:27 AM CDT [Modules] Streaming discord_desktop_core@1 to /home/bobywoby/.config/discord/0.0.94/modules/pending/discord_desktop_core-1.zip: 49%
5/17/2025, 11:32:27 AM CDT [Modules] Streaming discord_desktop_core@1 to /home/bobywoby/.config/discord/0.0.94/modules/pending/discord_desktop_core-1.zip: 50%
5/17/2025, 11:32:27 AM CDT [Modules] Streaming discord_desktop_core@1 to /home/bobywoby/.config/discord/0.0.94/modules/pending/discord_desktop_core-1.zip: 54%
5/17/2025, 11:32:27 AM CDT [Modules] Streaming discord_desktop_core@1 to /home/bobywoby/.config/discord/0.0.94/modules/pending/discord_desktop_core-1.zip: 55%
5/17/2025, 11:32:27 AM CDT [Modules] Streaming discord_desktop_core@1 to /home/bobywoby/.config/discord/0.0.94/modules/pending/discord_desktop_core-1.zip: 57%
5/17/2025, 11:32:27 AM CDT [Modules] Streaming discord_desktop_core@1 to /home/bobywoby/.config/discord/0.0.94/modules/pending/discord_desktop_core-1.zip: 60%
5/17/2025, 11:32:27 AM CDT [Modules] Streaming discord_desktop_core@1 to /home/bobywoby/.config/discord/0.0.94/modules/pending/discord_desktop_core-1.zip: 63%
5/17/2025, 11:32:27 AM CDT [Modules] Streaming discord_desktop_core@1 to /home/bobywoby/.config/discord/0.0.94/modules/pending/discord_desktop_core-1.zip: 64%
5/17/2025, 11:32:27 AM CDT [Modules] Streaming discord_desktop_core@1 to /home/bobywoby/.config/discord/0.0.94/modules/pending/discord_desktop_core-1.zip: 67%
5/17/2025, 11:32:27 AM CDT [Modules] Streaming discord_desktop_core@1 to /home/bobywoby/.config/discord/0.0.94/modules/pending/discord_desktop_core-1.zip: 71%
5/17/2025, 11:32:27 AM CDT [Modules] Streaming discord_desktop_core@1 to /home/bobywoby/.config/discord/0.0.94/modules/pending/discord_desktop_core-1.zip: 74%
5/17/2025, 11:32:27 AM CDT [Modules] Streaming discord_desktop_core@1 to /home/bobywoby/.config/discord/0.0.94/modules/pending/discord_desktop_core-1.zip: 83%
5/17/2025, 11:32:27 AM CDT [Modules] Streaming discord_desktop_core@1 to /home/bobywoby/.config/discord/0.0.94/modules/pending/discord_desktop_core-1.zip: 86%
5/17/2025, 11:32:27 AM CDT [Modules] Streaming discord_desktop_core@1 to /home/bobywoby/.config/discord/0.0.94/modules/pending/discord_desktop_core-1.zip: 90%
5/17/2025, 11:32:27 AM CDT [Modules] Streaming discord_desktop_core@1 to /home/bobywoby/.config/discord/0.0.94/modules/pending/discord_desktop_core-1.zip: 92%
5/17/2025, 11:32:27 AM CDT [Modules] Streaming discord_desktop_core@1 to /home/bobywoby/.config/discord/0.0.94/modules/pending/discord_desktop_core-1.zip: 95%
5/17/2025, 11:32:27 AM CDT [Modules] Streaming discord_desktop_core@1 to /home/bobywoby/.config/discord/0.0.94/modules/pending/discord_desktop_core-1.zip: 100%
5/17/2025, 11:32:27 AM CDT [Modules] Fetching discord_erlpack@1 from https://discord.com/api/modules/stable/discord_erlpack/1
5/17/2025, 11:32:27 AM CDT [Modules] Streaming discord_erlpack@1 to /home/bobywoby/.config/discord/0.0.94/modules/pending/discord_erlpack-1.zip
5/17/2025, 11:32:27 AM CDT [Modules] Streaming discord_erlpack@1 to /home/bobywoby/.config/discord/0.0.94/modules/pending/discord_erlpack-1.zip: 2%
5/17/2025, 11:32:27 AM CDT [Modules] Streaming discord_erlpack@1 to /home/bobywoby/.config/discord/0.0.94/modules/pending/discord_erlpack-1.zip: 8%
5/17/2025, 11:32:27 AM CDT [Modules] Streaming discord_erlpack@1 to /home/bobywoby/.config/discord/0.0.94/modules/pending/discord_erlpack-1.zip: 11%
5/17/2025, 11:32:27 AM CDT [Modules] Streaming discord_erlpack@1 to /home/bobywoby/.config/discord/0.0.94/modules/pending/discord_erlpack-1.zip: 17%
5/17/2025, 11:32:27 AM CDT [Modules] Streaming discord_erlpack@1 to /home/bobywoby/.config/discord/0.0.94/modules/pending/discord_erlpack-1.zip: 21%
5/17/2025, 11:32:27 AM CDT [Modules] Streaming discord_erlpack@1 to /home/bobywoby/.config/discord/0.0.94/modules/pending/discord_erlpack-1.zip: 24%
5/17/2025, 11:32:27 AM CDT [Modules] Streaming discord_erlpack@1 to /home/bobywoby/.config/discord/0.0.94/modules/pending/discord_erlpack-1.zip: 33%
5/17/2025, 11:32:27 AM CDT [Modules] Streaming discord_erlpack@1 to /home/bobywoby/.config/discord/0.0.94/modules/pending/discord_erlpack-1.zip: 39%
5/17/2025, 11:32:27 AM CDT [Modules] Streaming discord_erlpack@1 to /home/bobywoby/.config/discord/0.0.94/modules/pending/discord_erlpack-1.zip: 41%
5/17/2025, 11:32:27 AM CDT [Modules] Streaming discord_erlpack@1 to /home/bobywoby/.config/discord/0.0.94/modules/pending/discord_erlpack-1.zip: 44%
5/17/2025, 11:32:27 AM CDT [Modules] Streaming discord_erlpack@1 to /home/bobywoby/.config/discord/0.0.94/modules/pending/discord_erlpack-1.zip: 47%
5/17/2025, 11:32:27 AM CDT [Modules] Streaming discord_erlpack@1 to /home/bobywoby/.config/discord/0.0.94/modules/pending/discord_erlpack-1.zip: 55%
5/17/2025, 11:32:27 AM CDT [Modules] Streaming discord_erlpack@1 to /home/bobywoby/.config/discord/0.0.94/modules/pending/discord_erlpack-1.zip: 61%
5/17/2025, 11:32:27 AM CDT [Modules] Streaming discord_erlpack@1 to /home/bobywoby/.config/discord/0.0.94/modules/pending/discord_erlpack-1.zip: 64%
5/17/2025, 11:32:27 AM CDT [Modules] Streaming discord_erlpack@1 to /home/bobywoby/.config/discord/0.0.94/modules/pending/discord_erlpack-1.zip: 69%
5/17/2025, 11:32:27 AM CDT [Modules] Streaming discord_erlpack@1 to /home/bobywoby/.config/discord/0.0.94/modules/pending/discord_erlpack-1.zip: 72%
5/17/2025, 11:32:27 AM CDT [Modules] Streaming discord_erlpack@1 to /home/bobywoby/.config/discord/0.0.94/modules/pending/discord_erlpack-1.zip: 81%
5/17/2025, 11:32:27 AM CDT [Modules] Streaming discord_erlpack@1 to /home/bobywoby/.config/discord/0.0.94/modules/pending/discord_erlpack-1.zip: 84%
5/17/2025, 11:32:27 AM CDT [Modules] Streaming discord_erlpack@1 to /home/bobywoby/.config/discord/0.0.94/modules/pending/discord_erlpack-1.zip: 91%
5/17/2025, 11:32:27 AM CDT [Modules] Streaming discord_erlpack@1 to /home/bobywoby/.config/discord/0.0.94/modules/pending/discord_erlpack-1.zip: 94%
5/17/2025, 11:32:27 AM CDT [Modules] Streaming discord_erlpack@1 to /home/bobywoby/.config/discord/0.0.94/modules/pending/discord_erlpack-1.zip: 100%
5/17/2025, 11:32:27 AM CDT [Modules] Fetching discord_spellcheck@1 from https://discord.com/api/modules/stable/discord_spellcheck/1
5/17/2025, 11:32:27 AM CDT [Modules] Streaming discord_spellcheck@1 to /home/bobywoby/.config/discord/0.0.94/modules/pending/discord_spellcheck-1.zip
5/17/2025, 11:32:27 AM CDT [Modules] Streaming discord_spellcheck@1 to /home/bobywoby/.config/discord/0.0.94/modules/pending/discord_spellcheck-1.zip: 1%
5/17/2025, 11:32:27 AM CDT [Modules] Streaming discord_spellcheck@1 to /home/bobywoby/.config/discord/0.0.94/modules/pending/discord_spellcheck-1.zip: 2%
5/17/2025, 11:32:27 AM CDT [Modules] Streaming discord_spellcheck@1 to /home/bobywoby/.config/discord/0.0.94/modules/pending/discord_spellcheck-1.zip: 3%
5/17/2025, 11:32:27 AM CDT [Modules] Streaming discord_spellcheck@1 to /home/bobywoby/.config/discord/0.0.94/modules/pending/discord_spellcheck-1.zip: 4%
5/17/2025, 11:32:28 AM CDT [Modules] Streaming discord_spellcheck@1 to /home/bobywoby/.config/discord/0.0.94/modules/pending/discord_spellcheck-1.zip: 5%
5/17/2025, 11:32:28 AM CDT [Modules] Streaming discord_spellcheck@1 to /home/bobywoby/.config/discord/0.0.94/modules/pending/discord_spellcheck-1.zip: 6%
5/17/2025, 11:32:28 AM CDT [Modules] Streaming discord_spellcheck@1 to /home/bobywoby/.config/discord/0.0.94/modules/pending/discord_spellcheck-1.zip: 7%
5/17/2025, 11:32:28 AM CDT [Modules] Streaming discord_spellcheck@1 to /home/bobywoby/.config/discord/0.0.94/modules/pending/discord_spellcheck-1.zip: 8%
5/17/2025, 11:32:28 AM CDT [Modules] Streaming discord_spellcheck@1 to /home/bobywoby/.config/discord/0.0.94/modules/pending/discord_spellcheck-1.zip: 9%
5/17/2025, 11:32:28 AM CDT [Modules] Streaming discord_spellcheck@1 to /home/bobywoby/.config/discord/0.0.94/modules/pending/discord_spellcheck-1.zip: 10%
5/17/2025, 11:32:28 AM CDT [Modules] Streaming discord_spellcheck@1 to /home/bobywoby/.config/discord/0.0.94/modules/pending/discord_spellcheck-1.zip: 11%
5/17/2025, 11:32:28 AM CDT [Modules] Streaming discord_spellcheck@1 to /home/bobywoby/.config/discord/0.0.94/modules/pending/discord_spellcheck-1.zip: 12%
5/17/2025, 11:32:28 AM CDT [Modules] Streaming discord_spellcheck@1 to /home/bobywoby/.config/discord/0.0.94/modules/pending/discord_spellcheck-1.zip: 13%
5/17/2025, 11:32:28 AM CDT [Modules] Streaming discord_spellcheck@1 to /home/bobywoby/.config/discord/0.0.94/modules/pending/discord_spellcheck-1.zip: 14%
5/17/2025, 11:32:28 AM CDT [Modules] Streaming discord_spellcheck@1 to /home/bobywoby/.config/discord/0.0.94/modules/pending/discord_spellcheck-1.zip: 15%
5/17/2025, 11:32:28 AM CDT [Modules] Streaming discord_spellcheck@1 to /home/bobywoby/.config/discord/0.0.94/modules/pending/discord_spellcheck-1.zip: 16%
5/17/2025, 11:32:28 AM CDT [Modules] Streaming discord_spellcheck@1 to /home/bobywoby/.config/discord/0.0.94/modules/pending/discord_spellcheck-1.zip: 18%
5/17/2025, 11:32:28 AM CDT [Modules] Streaming discord_spellcheck@1 to /home/bobywoby/.config/discord/0.0.94/modules/pending/discord_spellcheck-1.zip: 19%
5/17/2025, 11:32:28 AM CDT [Modules] Streaming discord_spellcheck@1 to /home/bobywoby/.config/discord/0.0.94/modules/pending/discord_spellcheck-1.zip: 20%
5/17/2025, 11:32:28 AM CDT [Modules] Streaming discord_spellcheck@1 to /home/bobywoby/.config/discord/0.0.94/modules/pending/discord_spellcheck-1.zip: 21%
5/17/2025, 11:32:28 AM CDT [Modules] Streaming discord_spellcheck@1 to /home/bobywoby/.config/discord/0.0.94/modules/pending/discord_spellcheck-1.zip: 23%
5/17/2025, 11:32:28 AM CDT [Modules] Streaming discord_spellcheck@1 to /home/bobywoby/.config/discord/0.0.94/modules/pending/discord_spellcheck-1.zip: 24%
5/17/2025, 11:32:28 AM CDT [Modules] Streaming discord_spellcheck@1 to /home/bobywoby/.config/discord/0.0.94/modules/pending/discord_spellcheck-1.zip: 25%
5/17/2025, 11:32:28 AM CDT [Modules] Streaming discord_spellcheck@1 to /home/bobywoby/.config/discord/0.0.94/modules/pending/discord_spellcheck-1.zip: 26%
5/17/2025, 11:32:28 AM CDT [Modules] Streaming discord_spellcheck@1 to /home/bobywoby/.config/discord/0.0.94/modules/pending/discord_spellcheck-1.zip: 27%
5/17/2025, 11:32:28 AM CDT [Modules] Streaming discord_spellcheck@1 to /home/bobywoby/.config/discord/0.0.94/modules/pending/discord_spellcheck-1.zip: 28%
5/17/2025, 11:32:28 AM CDT [Modules] Streaming discord_spellcheck@1 to /home/bobywoby/.config/discord/0.0.94/modules/pending/discord_spellcheck-1.zip: 29%
5/17/2025, 11:32:28 AM CDT [Modules] Streaming discord_spellcheck@1 to /home/bobywoby/.config/discord/0.0.94/modules/pending/discord_spellcheck-1.zip: 30%
5/17/2025, 11:32:28 AM CDT [Modules] Streaming discord_spellcheck@1 to /home/bobywoby/.config/discord/0.0.94/modules/pending/discord_spellcheck-1.zip: 31%
5/17/2025, 11:32:28 AM CDT [Modules] Streaming discord_spellcheck@1 to /home/bobywoby/.config/discord/0.0.94/modules/pending/discord_spellcheck-1.zip: 32%
5/17/2025, 11:32:28 AM CDT [Modules] Streaming discord_spellcheck@1 to /home/bobywoby/.config/discord/0.0.94/modules/pending/discord_spellcheck-1.zip: 33%
5/17/2025, 11:32:28 AM CDT [Modules] Streaming discord_spellcheck@1 to /home/bobywoby/.config/discord/0.0.94/modules/pending/discord_spellcheck-1.zip: 34%
5/17/2025, 11:32:28 AM CDT [Modules] Streaming discord_spellcheck@1 to /home/bobywoby/.config/discord/0.0.94/modules/pending/discord_spellcheck-1.zip: 35%
5/17/2025, 11:32:28 AM CDT [Modules] Streaming discord_spellcheck@1 to /home/bobywoby/.config/discord/0.0.94/modules/pending/discord_spellcheck-1.zip: 36%
5/17/2025, 11:32:28 AM CDT [Modules] Streaming discord_spellcheck@1 to /home/bobywoby/.config/discord/0.0.94/modules/pending/discord_spellcheck-1.zip: 37%
5/17/2025, 11:32:28 AM CDT [Modules] Streaming discord_spellcheck@1 to /home/bobywoby/.config/discord/0.0.94/modules/pending/discord_spellcheck-1.zip: 38%
5/17/2025, 11:32:28 AM CDT [Modules] Streaming discord_spellcheck@1 to /home/bobywoby/.config/discord/0.0.94/modules/pending/discord_spellcheck-1.zip: 39%
5/17/2025, 11:32:28 AM CDT [Modules] Streaming discord_spellcheck@1 to /home/bobywoby/.config/discord/0.0.94/modules/pending/discord_spellcheck-1.zip: 40%
5/17/2025, 11:32:28 AM CDT [Modules] Streaming discord_spellcheck@1 to /home/bobywoby/.config/discord/0.0.94/modules/pending/discord_spellcheck-1.zip: 41%
5/17/2025, 11:32:28 AM CDT [Modules] Streaming discord_spellcheck@1 to /home/bobywoby/.config/discord/0.0.94/modules/pending/discord_spellcheck-1.zip: 42%
5/17/2025, 11:32:28 AM CDT [Modules] Streaming discord_spellcheck@1 to /home/bobywoby/.config/discord/0.0.94/modules/pending/discord_spellcheck-1.zip: 43%
5/17/2025, 11:32:28 AM CDT [Modules] Streaming discord_spellcheck@1 to /home/bobywoby/.config/discord/0.0.94/modules/pending/discord_spellcheck-1.zip: 44%
5/17/2025, 11:32:28 AM CDT [Modules] Streaming discord_spellcheck@1 to /home/bobywoby/.config/discord/0.0.94/modules/pending/discord_spellcheck-1.zip: 45%
5/17/2025, 11:32:28 AM CDT [Modules] Streaming discord_spellcheck@1 to /home/bobywoby/.config/discord/0.0.94/modules/pending/discord_spellcheck-1.zip: 46%
5/17/2025, 11:32:28 AM CDT [Modules] Streaming discord_spellcheck@1 to /home/bobywoby/.config/discord/0.0.94/modules/pending/discord_spellcheck-1.zip: 47%
5/17/2025, 11:32:28 AM CDT [Modules] Streaming discord_spellcheck@1 to /home/bobywoby/.config/discord/0.0.94/modules/pending/discord_spellcheck-1.zip: 48%
5/17/2025, 11:32:28 AM CDT [Modules] Streaming discord_spellcheck@1 to /home/bobywoby/.config/discord/0.0.94/modules/pending/discord_spellcheck-1.zip: 49%
5/17/2025, 11:32:28 AM CDT [Modules] Streaming discord_spellcheck@1 to /home/bobywoby/.config/discord/0.0.94/modules/pending/discord_spellcheck-1.zip: 50%
5/17/2025, 11:32:28 AM CDT [Modules] Streaming discord_spellcheck@1 to /home/bobywoby/.config/discord/0.0.94/modules/pending/discord_spellcheck-1.zip: 51%
5/17/2025, 11:32:28 AM CDT [Modules] Streaming discord_spellcheck@1 to /home/bobywoby/.config/discord/0.0.94/modules/pending/discord_spellcheck-1.zip: 52%
5/17/2025, 11:32:28 AM CDT [Modules] Streaming discord_spellcheck@1 to /home/bobywoby/.config/discord/0.0.94/modules/pending/discord_spellcheck-1.zip: 53%
5/17/2025, 11:32:28 AM CDT [Modules] Streaming discord_spellcheck@1 to /home/bobywoby/.config/discord/0.0.94/modules/pending/discord_spellcheck-1.zip: 56%
5/17/2025, 11:32:28 AM CDT [Modules] Streaming discord_spellcheck@1 to /home/bobywoby/.config/discord/0.0.94/modules/pending/discord_spellcheck-1.zip: 57%
5/17/2025, 11:32:28 AM CDT [Modules] Streaming discord_spellcheck@1 to /home/bobywoby/.config/discord/0.0.94/modules/pending/discord_spellcheck-1.zip: 58%
5/17/2025, 11:32:28 AM CDT [Modules] Streaming discord_spellcheck@1 to /home/bobywoby/.config/discord/0.0.94/modules/pending/discord_spellcheck-1.zip: 59%
5/17/2025, 11:32:28 AM CDT [Modules] Streaming discord_spellcheck@1 to /home/bobywoby/.config/discord/0.0.94/modules/pending/discord_spellcheck-1.zip: 60%
5/17/2025, 11:32:28 AM CDT [Modules] Streaming discord_spellcheck@1 to /home/bobywoby/.config/discord/0.0.94/modules/pending/discord_spellcheck-1.zip: 61%
5/17/2025, 11:32:28 AM CDT [Modules] Streaming discord_spellcheck@1 to /home/bobywoby/.config/discord/0.0.94/modules/pending/discord_spellcheck-1.zip: 62%
5/17/2025, 11:32:28 AM CDT [Modules] Streaming discord_spellcheck@1 to /home/bobywoby/.config/discord/0.0.94/modules/pending/discord_spellcheck-1.zip: 63%
5/17/2025, 11:32:28 AM CDT [Modules] Streaming discord_spellcheck@1 to /home/bobywoby/.config/discord/0.0.94/modules/pending/discord_spellcheck-1.zip: 64%
5/17/2025, 11:32:28 AM CDT [Modules] Streaming discord_spellcheck@1 to /home/bobywoby/.config/discord/0.0.94/modules/pending/discord_spellcheck-1.zip: 65%
5/17/2025, 11:32:28 AM CDT [Modules] Streaming discord_spellcheck@1 to /home/bobywoby/.config/discord/0.0.94/modules/pending/discord_spellcheck-1.zip: 66%
5/17/2025, 11:32:28 AM CDT [Modules] Streaming discord_spellcheck@1 to /home/bobywoby/.config/discord/0.0.94/modules/pending/discord_spellcheck-1.zip: 67%
5/17/2025, 11:32:28 AM CDT [Modules] Streaming discord_spellcheck@1 to /home/bobywoby/.config/discord/0.0.94/modules/pending/discord_spellcheck-1.zip: 68%
5/17/2025, 11:32:28 AM CDT [Modules] Streaming discord_spellcheck@1 to /home/bobywoby/.config/discord/0.0.94/modules/pending/discord_spellcheck-1.zip: 69%
5/17/2025, 11:32:28 AM CDT [Modules] Streaming discord_spellcheck@1 to /home/bobywoby/.config/discord/0.0.94/modules/pending/discord_spellcheck-1.zip: 70%
5/17/2025, 11:32:28 AM CDT [Modules] Streaming discord_spellcheck@1 to /home/bobywoby/.config/discord/0.0.94/modules/pending/discord_spellcheck-1.zip: 71%
5/17/2025, 11:32:28 AM CDT [Modules] Streaming discord_spellcheck@1 to /home/bobywoby/.config/discord/0.0.94/modules/pending/discord_spellcheck-1.zip: 72%
5/17/2025, 11:32:28 AM CDT [Modules] Streaming discord_spellcheck@1 to /home/bobywoby/.config/discord/0.0.94/modules/pending/discord_spellcheck-1.zip: 73%
5/17/2025, 11:32:28 AM CDT [Modules] Streaming discord_spellcheck@1 to /home/bobywoby/.config/discord/0.0.94/modules/pending/discord_spellcheck-1.zip: 74%
5/17/2025, 11:32:28 AM CDT [Modules] Streaming discord_spellcheck@1 to /home/bobywoby/.config/discord/0.0.94/modules/pending/discord_spellcheck-1.zip: 75%
5/17/2025, 11:32:28 AM CDT [Modules] Streaming discord_spellcheck@1 to /home/bobywoby/.config/discord/0.0.94/modules/pending/discord_spellcheck-1.zip: 76%
5/17/2025, 11:32:28 AM CDT [Modules] Streaming discord_spellcheck@1 to /home/bobywoby/.config/discord/0.0.94/modules/pending/discord_spellcheck-1.zip: 77%
5/17/2025, 11:32:28 AM CDT [Modules] Streaming discord_spellcheck@1 to /home/bobywoby/.config/discord/0.0.94/modules/pending/discord_spellcheck-1.zip: 78%
5/17/2025, 11:32:28 AM CDT [Modules] Streaming discord_spellcheck@1 to /home/bobywoby/.config/discord/0.0.94/modules/pending/discord_spellcheck-1.zip: 81%
5/17/2025, 11:32:28 AM CDT [Modules] Streaming discord_spellcheck@1 to /home/bobywoby/.config/discord/0.0.94/modules/pending/discord_spellcheck-1.zip: 82%
5/17/2025, 11:32:28 AM CDT [Modules] Streaming discord_spellcheck@1 to /home/bobywoby/.config/discord/0.0.94/modules/pending/discord_spellcheck-1.zip: 83%
5/17/2025, 11:32:28 AM CDT [Modules] Streaming discord_spellcheck@1 to /home/bobywoby/.config/discord/0.0.94/modules/pending/discord_spellcheck-1.zip: 85%
5/17/2025, 11:32:28 AM CDT [Modules] Streaming discord_spellcheck@1 to /home/bobywoby/.config/discord/0.0.94/modules/pending/discord_spellcheck-1.zip: 86%
5/17/2025, 11:32:28 AM CDT [Modules] Streaming discord_spellcheck@1 to /home/bobywoby/.config/discord/0.0.94/modules/pending/discord_spellcheck-1.zip: 87%
5/17/2025, 11:32:28 AM CDT [Modules] Streaming discord_spellcheck@1 to /home/bobywoby/.config/discord/0.0.94/modules/pending/discord_spellcheck-1.zip: 88%
5/17/2025, 11:32:28 AM CDT [Modules] Streaming discord_spellcheck@1 to /home/bobywoby/.config/discord/0.0.94/modules/pending/discord_spellcheck-1.zip: 89%
5/17/2025, 11:32:28 AM CDT [Modules] Streaming discord_spellcheck@1 to /home/bobywoby/.config/discord/0.0.94/modules/pending/discord_spellcheck-1.zip: 90%
5/17/2025, 11:32:28 AM CDT [Modules] Streaming discord_spellcheck@1 to /home/bobywoby/.config/discord/0.0.94/modules/pending/discord_spellcheck-1.zip: 91%
5/17/2025, 11:32:28 AM CDT [Modules] Streaming discord_spellcheck@1 to /home/bobywoby/.config/discord/0.0.94/modules/pending/discord_spellcheck-1.zip: 92%
5/17/2025, 11:32:28 AM CDT [Modules] Streaming discord_spellcheck@1 to /home/bobywoby/.config/discord/0.0.94/modules/pending/discord_spellcheck-1.zip: 93%
5/17/2025, 11:32:28 AM CDT [Modules] Streaming discord_spellcheck@1 to /home/bobywoby/.config/discord/0.0.94/modules/pending/discord_spellcheck-1.zip: 94%
5/17/2025, 11:32:28 AM CDT [Modules] Streaming discord_spellcheck@1 to /home/bobywoby/.config/discord/0.0.94/modules/pending/discord_spellcheck-1.zip: 95%
5/17/2025, 11:32:28 AM CDT [Modules] Streaming discord_spellcheck@1 to /home/bobywoby/.config/discord/0.0.94/modules/pending/discord_spellcheck-1.zip: 96%
5/17/2025, 11:32:28 AM CDT [Modules] Streaming discord_spellcheck@1 to /home/bobywoby/.config/discord/0.0.94/modules/pending/discord_spellcheck-1.zip: 97%
5/17/2025, 11:32:28 AM CDT [Modules] Streaming discord_spellcheck@1 to /home/bobywoby/.config/discord/0.0.94/modules/pending/discord_spellcheck-1.zip: 98%
5/17/2025, 11:32:28 AM CDT [Modules] Streaming discord_spellcheck@1 to /home/bobywoby/.config/discord/0.0.94/modules/pending/discord_spellcheck-1.zip: 99%
5/17/2025, 11:32:28 AM CDT [Modules] Streaming discord_spellcheck@1 to /home/bobywoby/.config/discord/0.0.94/modules/pending/discord_spellcheck-1.zip: 100%
5/17/2025, 11:32:28 AM CDT [Modules] Fetching discord_utils@1 from https://discord.com/api/modules/stable/discord_utils/1
5/17/2025, 11:32:28 AM CDT [Modules] Streaming discord_utils@1 to /home/bobywoby/.config/discord/0.0.94/modules/pending/discord_utils-1.zip
5/17/2025, 11:32:28 AM CDT [Modules] Streaming discord_utils@1 to /home/bobywoby/.config/discord/0.0.94/modules/pending/discord_utils-1.zip: 1%
5/17/2025, 11:32:28 AM CDT [Modules] Streaming discord_utils@1 to /home/bobywoby/.config/discord/0.0.94/modules/pending/discord_utils-1.zip: 2%
5/17/2025, 11:32:28 AM CDT [Modules] Streaming discord_utils@1 to /home/bobywoby/.config/discord/0.0.94/modules/pending/discord_utils-1.zip: 3%
5/17/2025, 11:32:28 AM CDT [Modules] Streaming discord_utils@1 to /home/bobywoby/.config/discord/0.0.94/modules/pending/discord_utils-1.zip: 4%
5/17/2025, 11:32:28 AM CDT [Modules] Streaming discord_utils@1 to /home/bobywoby/.config/discord/0.0.94/modules/pending/discord_utils-1.zip: 6%
5/17/2025, 11:32:28 AM CDT [Modules] Streaming discord_utils@1 to /home/bobywoby/.config/discord/0.0.94/modules/pending/discord_utils-1.zip: 8%
5/17/2025, 11:32:28 AM CDT [Modules] Streaming discord_utils@1 to /home/bobywoby/.config/discord/0.0.94/modules/pending/discord_utils-1.zip: 11%
5/17/2025, 11:32:28 AM CDT [Modules] Streaming discord_utils@1 to /home/bobywoby/.config/discord/0.0.94/modules/pending/discord_utils-1.zip: 17%
5/17/2025, 11:32:28 AM CDT [Modules] Streaming discord_utils@1 to /home/bobywoby/.config/discord/0.0.94/modules/pending/discord_utils-1.zip: 23%
5/17/2025, 11:32:28 AM CDT [Modules] Streaming discord_utils@1 to /home/bobywoby/.config/discord/0.0.94/modules/pending/discord_utils-1.zip: 24%
5/17/2025, 11:32:28 AM CDT [Modules] Streaming discord_utils@1 to /home/bobywoby/.config/discord/0.0.94/modules/pending/discord_utils-1.zip: 25%
5/17/2025, 11:32:28 AM CDT [Modules] Streaming discord_utils@1 to /home/bobywoby/.config/discord/0.0.94/modules/pending/discord_utils-1.zip: 26%
5/17/2025, 11:32:28 AM CDT [Modules] Streaming discord_utils@1 to /home/bobywoby/.config/discord/0.0.94/modules/pending/discord_utils-1.zip: 27%
5/17/2025, 11:32:28 AM CDT [Modules] Streaming discord_utils@1 to /home/bobywoby/.config/discord/0.0.94/modules/pending/discord_utils-1.zip: 28%
5/17/2025, 11:32:28 AM CDT [Modules] Streaming discord_utils@1 to /home/bobywoby/.config/discord/0.0.94/modules/pending/discord_utils-1.zip: 29%
5/17/2025, 11:32:28 AM CDT [Modules] Streaming discord_utils@1 to /home/bobywoby/.config/discord/0.0.94/modules/pending/discord_utils-1.zip: 30%
5/17/2025, 11:32:28 AM CDT [Modules] Streaming discord_utils@1 to /home/bobywoby/.config/discord/0.0.94/modules/pending/discord_utils-1.zip: 31%
5/17/2025, 11:32:28 AM CDT [Modules] Streaming discord_utils@1 to /home/bobywoby/.config/discord/0.0.94/modules/pending/discord_utils-1.zip: 39%
5/17/2025, 11:32:28 AM CDT [Modules] Streaming discord_utils@1 to /home/bobywoby/.config/discord/0.0.94/modules/pending/discord_utils-1.zip: 46%
5/17/2025, 11:32:28 AM CDT [Modules] Streaming discord_utils@1 to /home/bobywoby/.config/discord/0.0.94/modules/pending/discord_utils-1.zip: 47%
5/17/2025, 11:32:28 AM CDT [Modules] Streaming discord_utils@1 to /home/bobywoby/.config/discord/0.0.94/modules/pending/discord_utils-1.zip: 51%
5/17/2025, 11:32:28 AM CDT [Modules] Streaming discord_utils@1 to /home/bobywoby/.config/discord/0.0.94/modules/pending/discord_utils-1.zip: 54%
5/17/2025, 11:32:28 AM CDT [Modules] Streaming discord_utils@1 to /home/bobywoby/.config/discord/0.0.94/modules/pending/discord_utils-1.zip: 56%
5/17/2025, 11:32:28 AM CDT [Modules] Streaming discord_utils@1 to /home/bobywoby/.config/discord/0.0.94/modules/pending/discord_utils-1.zip: 63%
5/17/2025, 11:32:28 AM CDT [Modules] Streaming discord_utils@1 to /home/bobywoby/.config/discord/0.0.94/modules/pending/discord_utils-1.zip: 64%
5/17/2025, 11:32:28 AM CDT [Modules] Streaming discord_utils@1 to /home/bobywoby/.config/discord/0.0.94/modules/pending/discord_utils-1.zip: 65%
5/17/2025, 11:32:28 AM CDT [Modules] Streaming discord_utils@1 to /home/bobywoby/.config/discord/0.0.94/modules/pending/discord_utils-1.zip: 68%
5/17/2025, 11:32:28 AM CDT [Modules] Streaming discord_utils@1 to /home/bobywoby/.config/discord/0.0.94/modules/pending/discord_utils-1.zip: 70%
5/17/2025, 11:32:28 AM CDT [Modules] Streaming discord_utils@1 to /home/bobywoby/.config/discord/0.0.94/modules/pending/discord_utils-1.zip: 71%
5/17/2025, 11:32:28 AM CDT [Modules] Streaming discord_utils@1 to /home/bobywoby/.config/discord/0.0.94/modules/pending/discord_utils-1.zip: 72%
5/17/2025, 11:32:28 AM CDT [Modules] Streaming discord_utils@1 to /home/bobywoby/.config/discord/0.0.94/modules/pending/discord_utils-1.zip: 73%
5/17/2025, 11:32:28 AM CDT [Modules] Streaming discord_utils@1 to /home/bobywoby/.config/discord/0.0.94/modules/pending/discord_utils-1.zip: 75%
5/17/2025, 11:32:28 AM CDT [Modules] Streaming discord_utils@1 to /home/bobywoby/.config/discord/0.0.94/modules/pending/discord_utils-1.zip: 77%
5/17/2025, 11:32:28 AM CDT [Modules] Streaming discord_utils@1 to /home/bobywoby/.config/discord/0.0.94/modules/pending/discord_utils-1.zip: 81%
5/17/2025, 11:32:28 AM CDT [Modules] Streaming discord_utils@1 to /home/bobywoby/.config/discord/0.0.94/modules/pending/discord_utils-1.zip: 90%
5/17/2025, 11:32:28 AM CDT [Modules] Streaming discord_utils@1 to /home/bobywoby/.config/discord/0.0.94/modules/pending/discord_utils-1.zip: 91%
5/17/2025, 11:32:28 AM CDT [Modules] Streaming discord_utils@1 to /home/bobywoby/.config/discord/0.0.94/modules/pending/discord_utils-1.zip: 92%
5/17/2025, 11:32:28 AM CDT [Modules] Streaming discord_utils@1 to /home/bobywoby/.config/discord/0.0.94/modules/pending/discord_utils-1.zip: 96%
5/17/2025, 11:32:28 AM CDT [Modules] Streaming discord_utils@1 to /home/bobywoby/.config/discord/0.0.94/modules/pending/discord_utils-1.zip: 97%
5/17/2025, 11:32:28 AM CDT [Modules] Streaming discord_utils@1 to /home/bobywoby/.config/discord/0.0.94/modules/pending/discord_utils-1.zip: 100%
5/17/2025, 11:32:28 AM CDT [Modules] Fetching discord_voice@2 from https://discord.com/api/modules/stable/discord_voice/2
5/17/2025, 11:32:28 AM CDT [Modules] Streaming discord_voice@2 to /home/bobywoby/.config/discord/0.0.94/modules/pending/discord_voice-2.zip
5/17/2025, 11:32:28 AM CDT [Modules] Streaming discord_voice@2 to /home/bobywoby/.config/discord/0.0.94/modules/pending/discord_voice-2.zip: 1%
5/17/2025, 11:32:29 AM CDT [Modules] Streaming discord_voice@2 to /home/bobywoby/.config/discord/0.0.94/modules/pending/discord_voice-2.zip: 2%
5/17/2025, 11:32:29 AM CDT [Modules] Streaming discord_voice@2 to /home/bobywoby/.config/discord/0.0.94/modules/pending/discord_voice-2.zip: 3%
5/17/2025, 11:32:29 AM CDT [Modules] Streaming discord_voice@2 to /home/bobywoby/.config/discord/0.0.94/modules/pending/discord_voice-2.zip: 4%
5/17/2025, 11:32:29 AM CDT [Modules] Streaming discord_voice@2 to /home/bobywoby/.config/discord/0.0.94/modules/pending/discord_voice-2.zip: 5%
5/17/2025, 11:32:29 AM CDT [Modules] Streaming discord_voice@2 to /home/bobywoby/.config/discord/0.0.94/modules/pending/discord_voice-2.zip: 6%
5/17/2025, 11:32:29 AM CDT [Modules] Streaming discord_voice@2 to /home/bobywoby/.config/discord/0.0.94/modules/pending/discord_voice-2.zip: 7%
5/17/2025, 11:32:29 AM CDT [Modules] Streaming discord_voice@2 to /home/bobywoby/.config/discord/0.0.94/modules/pending/discord_voice-2.zip: 8%
5/17/2025, 11:32:29 AM CDT [Modules] Streaming discord_voice@2 to /home/bobywoby/.config/discord/0.0.94/modules/pending/discord_voice-2.zip: 9%
5/17/2025, 11:32:29 AM CDT [Modules] Streaming discord_voice@2 to /home/bobywoby/.config/discord/0.0.94/modules/pending/discord_voice-2.zip: 10%
5/17/2025, 11:32:29 AM CDT [Modules] Streaming discord_voice@2 to /home/bobywoby/.config/discord/0.0.94/modules/pending/discord_voice-2.zip: 11%
5/17/2025, 11:32:29 AM CDT [Modules] Streaming discord_voice@2 to /home/bobywoby/.config/discord/0.0.94/modules/pending/discord_voice-2.zip: 12%
5/17/2025, 11:32:29 AM CDT [Modules] Streaming discord_voice@2 to /home/bobywoby/.config/discord/0.0.94/modules/pending/discord_voice-2.zip: 13%
5/17/2025, 11:32:29 AM CDT [Modules] Streaming discord_voice@2 to /home/bobywoby/.config/discord/0.0.94/modules/pending/discord_voice-2.zip: 14%
5/17/2025, 11:32:29 AM CDT [Modules] Streaming discord_voice@2 to /home/bobywoby/.config/discord/0.0.94/modules/pending/discord_voice-2.zip: 15%
5/17/2025, 11:32:29 AM CDT [Modules] Streaming discord_voice@2 to /home/bobywoby/.config/discord/0.0.94/modules/pending/discord_voice-2.zip: 16%
5/17/2025, 11:32:29 AM CDT [Modules] Streaming discord_voice@2 to /home/bobywoby/.config/discord/0.0.94/modules/pending/discord_voice-2.zip: 17%
5/17/2025, 11:32:29 AM CDT [Modules] Streaming discord_voice@2 to /home/bobywoby/.config/discord/0.0.94/modules/pending/discord_voice-2.zip: 18%
5/17/2025, 11:32:29 AM CDT [Modules] Streaming discord_voice@2 to /home/bobywoby/.config/discord/0.0.94/modules/pending/discord_voice-2.zip: 19%
5/17/2025, 11:32:29 AM CDT [Modules] Streaming discord_voice@2 to /home/bobywoby/.config/discord/0.0.94/modules/pending/discord_voice-2.zip: 20%
5/17/2025, 11:32:29 AM CDT [Modules] Streaming discord_voice@2 to /home/bobywoby/.config/discord/0.0.94/modules/pending/discord_voice-2.zip: 21%
5/17/2025, 11:32:29 AM CDT [Modules] Streaming discord_voice@2 to /home/bobywoby/.config/discord/0.0.94/modules/pending/discord_voice-2.zip: 22%
5/17/2025, 11:32:29 AM CDT [Modules] Streaming discord_voice@2 to /home/bobywoby/.config/discord/0.0.94/modules/pending/discord_voice-2.zip: 23%
5/17/2025, 11:32:29 AM CDT [Modules] Streaming discord_voice@2 to /home/bobywoby/.config/discord/0.0.94/modules/pending/discord_voice-2.zip: 24%
5/17/2025, 11:32:29 AM CDT [Modules] Streaming discord_voice@2 to /home/bobywoby/.config/discord/0.0.94/modules/pending/discord_voice-2.zip: 25%
5/17/2025, 11:32:29 AM CDT [Modules] Streaming discord_voice@2 to /home/bobywoby/.config/discord/0.0.94/modules/pending/discord_voice-2.zip: 26%
5/17/2025, 11:32:29 AM CDT [Modules] Streaming discord_voice@2 to /home/bobywoby/.config/discord/0.0.94/modules/pending/discord_voice-2.zip: 27%
5/17/2025, 11:32:29 AM CDT [Modules] Streaming discord_voice@2 to /home/bobywoby/.config/discord/0.0.94/modules/pending/discord_voice-2.zip: 28%
5/17/2025, 11:32:29 AM CDT [Modules] Streaming discord_voice@2 to /home/bobywoby/.config/discord/0.0.94/modules/pending/discord_voice-2.zip: 29%
5/17/2025, 11:32:29 AM CDT [Modules] Streaming discord_voice@2 to /home/bobywoby/.config/discord/0.0.94/modules/pending/discord_voice-2.zip: 30%
5/17/2025, 11:32:29 AM CDT [Modules] Streaming discord_voice@2 to /home/bobywoby/.config/discord/0.0.94/modules/pending/discord_voice-2.zip: 31%
5/17/2025, 11:32:29 AM CDT [Modules] Streaming discord_voice@2 to /home/bobywoby/.config/discord/0.0.94/modules/pending/discord_voice-2.zip: 32%
5/17/2025, 11:32:29 AM CDT [Modules] Streaming discord_voice@2 to /home/bobywoby/.config/discord/0.0.94/modules/pending/discord_voice-2.zip: 33%
5/17/2025, 11:32:29 AM CDT [Modules] Streaming discord_voice@2 to /home/bobywoby/.config/discord/0.0.94/modules/pending/discord_voice-2.zip: 34%
5/17/2025, 11:32:29 AM CDT [Modules] Streaming discord_voice@2 to /home/bobywoby/.config/discord/0.0.94/modules/pending/discord_voice-2.zip: 35%
5/17/2025, 11:32:29 AM CDT [Modules] Streaming discord_voice@2 to /home/bobywoby/.config/discord/0.0.94/modules/pending/discord_voice-2.zip: 36%
5/17/2025, 11:32:29 AM CDT [Modules] Streaming discord_voice@2 to /home/bobywoby/.config/discord/0.0.94/modules/pending/discord_voice-2.zip: 37%
5/17/2025, 11:32:29 AM CDT [Modules] Streaming discord_voice@2 to /home/bobywoby/.config/discord/0.0.94/modules/pending/discord_voice-2.zip: 38%
5/17/2025, 11:32:29 AM CDT [Modules] Streaming discord_voice@2 to /home/bobywoby/.config/discord/0.0.94/modules/pending/discord_voice-2.zip: 39%
5/17/2025, 11:32:29 AM CDT [Modules] Streaming discord_voice@2 to /home/bobywoby/.config/discord/0.0.94/modules/pending/discord_voice-2.zip: 40%
5/17/2025, 11:32:29 AM CDT [Modules] Streaming discord_voice@2 to /home/bobywoby/.config/discord/0.0.94/modules/pending/discord_voice-2.zip: 41%
5/17/2025, 11:32:29 AM CDT [Modules] Streaming discord_voice@2 to /home/bobywoby/.config/discord/0.0.94/modules/pending/discord_voice-2.zip: 42%
5/17/2025, 11:32:29 AM CDT [Modules] Streaming discord_voice@2 to /home/bobywoby/.config/discord/0.0.94/modules/pending/discord_voice-2.zip: 43%
5/17/2025, 11:32:29 AM CDT [Modules] Streaming discord_voice@2 to /home/bobywoby/.config/discord/0.0.94/modules/pending/discord_voice-2.zip: 44%
5/17/2025, 11:32:29 AM CDT [Modules] Streaming discord_voice@2 to /home/bobywoby/.config/discord/0.0.94/modules/pending/discord_voice-2.zip: 45%
5/17/2025, 11:32:29 AM CDT [Modules] Streaming discord_voice@2 to /home/bobywoby/.config/discord/0.0.94/modules/pending/discord_voice-2.zip: 46%
5/17/2025, 11:32:29 AM CDT [Modules] Streaming discord_voice@2 to /home/bobywoby/.config/discord/0.0.94/modules/pending/discord_voice-2.zip: 47%
5/17/2025, 11:32:29 AM CDT [Modules] Streaming discord_voice@2 to /home/bobywoby/.config/discord/0.0.94/modules/pending/discord_voice-2.zip: 48%
5/17/2025, 11:32:29 AM CDT [Modules] Streaming discord_voice@2 to /home/bobywoby/.config/discord/0.0.94/modules/pending/discord_voice-2.zip: 49%
5/17/2025, 11:32:29 AM CDT [Modules] Streaming discord_voice@2 to /home/bobywoby/.config/discord/0.0.94/modules/pending/discord_voice-2.zip: 50%
5/17/2025, 11:32:29 AM CDT [Modules] Streaming discord_voice@2 to /home/bobywoby/.config/discord/0.0.94/modules/pending/discord_voice-2.zip: 51%
5/17/2025, 11:32:29 AM CDT [Modules] Streaming discord_voice@2 to /home/bobywoby/.config/discord/0.0.94/modules/pending/discord_voice-2.zip: 52%
5/17/2025, 11:32:29 AM CDT [Modules] Streaming discord_voice@2 to /home/bobywoby/.config/discord/0.0.94/modules/pending/discord_voice-2.zip: 53%
5/17/2025, 11:32:29 AM CDT [Modules] Streaming discord_voice@2 to /home/bobywoby/.config/discord/0.0.94/modules/pending/discord_voice-2.zip: 54%
5/17/2025, 11:32:29 AM CDT [Modules] Streaming discord_voice@2 to /home/bobywoby/.config/discord/0.0.94/modules/pending/discord_voice-2.zip: 56%
5/17/2025, 11:32:29 AM CDT [Modules] Streaming discord_voice@2 to /home/bobywoby/.config/discord/0.0.94/modules/pending/discord_voice-2.zip: 57%
5/17/2025, 11:32:29 AM CDT [Modules] Streaming discord_voice@2 to /home/bobywoby/.config/discord/0.0.94/modules/pending/discord_voice-2.zip: 58%
5/17/2025, 11:32:29 AM CDT [Modules] Streaming discord_voice@2 to /home/bobywoby/.config/discord/0.0.94/modules/pending/discord_voice-2.zip: 59%
5/17/2025, 11:32:29 AM CDT [Modules] Streaming discord_voice@2 to /home/bobywoby/.config/discord/0.0.94/modules/pending/discord_voice-2.zip: 60%
5/17/2025, 11:32:29 AM CDT [Modules] Streaming discord_voice@2 to /home/bobywoby/.config/discord/0.0.94/modules/pending/discord_voice-2.zip: 61%
5/17/2025, 11:32:29 AM CDT [Modules] Streaming discord_voice@2 to /home/bobywoby/.config/discord/0.0.94/modules/pending/discord_voice-2.zip: 62%
5/17/2025, 11:32:29 AM CDT [Modules] Streaming discord_voice@2 to /home/bobywoby/.config/discord/0.0.94/modules/pending/discord_voice-2.zip: 63%
5/17/2025, 11:32:29 AM CDT [Modules] Streaming discord_voice@2 to /home/bobywoby/.config/discord/0.0.94/modules/pending/discord_voice-2.zip: 64%
5/17/2025, 11:32:29 AM CDT [Modules] Streaming discord_voice@2 to /home/bobywoby/.config/discord/0.0.94/modules/pending/discord_voice-2.zip: 65%
5/17/2025, 11:32:29 AM CDT [Modules] Streaming discord_voice@2 to /home/bobywoby/.config/discord/0.0.94/modules/pending/discord_voice-2.zip: 66%
5/17/2025, 11:32:29 AM CDT [Modules] Streaming discord_voice@2 to /home/bobywoby/.config/discord/0.0.94/modules/pending/discord_voice-2.zip: 67%
5/17/2025, 11:32:29 AM CDT [Modules] Streaming discord_voice@2 to /home/bobywoby/.config/discord/0.0.94/modules/pending/discord_voice-2.zip: 68%
5/17/2025, 11:32:29 AM CDT [Modules] Streaming discord_voice@2 to /home/bobywoby/.config/discord/0.0.94/modules/pending/discord_voice-2.zip: 69%
5/17/2025, 11:32:29 AM CDT [Modules] Streaming discord_voice@2 to /home/bobywoby/.config/discord/0.0.94/modules/pending/discord_voice-2.zip: 70%
5/17/2025, 11:32:29 AM CDT [Modules] Streaming discord_voice@2 to /home/bobywoby/.config/discord/0.0.94/modules/pending/discord_voice-2.zip: 71%
5/17/2025, 11:32:29 AM CDT [Modules] Streaming discord_voice@2 to /home/bobywoby/.config/discord/0.0.94/modules/pending/discord_voice-2.zip: 72%
5/17/2025, 11:32:29 AM CDT [Modules] Streaming discord_voice@2 to /home/bobywoby/.config/discord/0.0.94/modules/pending/discord_voice-2.zip: 73%
5/17/2025, 11:32:29 AM CDT [Modules] Streaming discord_voice@2 to /home/bobywoby/.config/discord/0.0.94/modules/pending/discord_voice-2.zip: 74%
5/17/2025, 11:32:29 AM CDT [Modules] Streaming discord_voice@2 to /home/bobywoby/.config/discord/0.0.94/modules/pending/discord_voice-2.zip: 75%
5/17/2025, 11:32:29 AM CDT [Modules] Streaming discord_voice@2 to /home/bobywoby/.config/discord/0.0.94/modules/pending/discord_voice-2.zip: 76%
5/17/2025, 11:32:29 AM CDT [Modules] Streaming discord_voice@2 to /home/bobywoby/.config/discord/0.0.94/modules/pending/discord_voice-2.zip: 77%
5/17/2025, 11:32:29 AM CDT [Modules] Streaming discord_voice@2 to /home/bobywoby/.config/discord/0.0.94/modules/pending/discord_voice-2.zip: 78%
5/17/2025, 11:32:29 AM CDT [Modules] Streaming discord_voice@2 to /home/bobywoby/.config/discord/0.0.94/modules/pending/discord_voice-2.zip: 79%
5/17/2025, 11:32:29 AM CDT [Modules] Streaming discord_voice@2 to /home/bobywoby/.config/discord/0.0.94/modules/pending/discord_voice-2.zip: 80%
5/17/2025, 11:32:29 AM CDT [Modules] Streaming discord_voice@2 to /home/bobywoby/.config/discord/0.0.94/modules/pending/discord_voice-2.zip: 81%
5/17/2025, 11:32:29 AM CDT [Modules] Streaming discord_voice@2 to /home/bobywoby/.config/discord/0.0.94/modules/pending/discord_voice-2.zip: 82%
5/17/2025, 11:32:29 AM CDT [Modules] Streaming discord_voice@2 to /home/bobywoby/.config/discord/0.0.94/modules/pending/discord_voice-2.zip: 83%
5/17/2025, 11:32:29 AM CDT [Modules] Streaming discord_voice@2 to /home/bobywoby/.config/discord/0.0.94/modules/pending/discord_voice-2.zip: 84%
5/17/2025, 11:32:29 AM CDT [Modules] Streaming discord_voice@2 to /home/bobywoby/.config/discord/0.0.94/modules/pending/discord_voice-2.zip: 85%
5/17/2025, 11:32:29 AM CDT [Modules] Streaming discord_voice@2 to /home/bobywoby/.config/discord/0.0.94/modules/pending/discord_voice-2.zip: 86%
5/17/2025, 11:32:29 AM CDT [Modules] Streaming discord_voice@2 to /home/bobywoby/.config/discord/0.0.94/modules/pending/discord_voice-2.zip: 87%
5/17/2025, 11:32:29 AM CDT [Modules] Streaming discord_voice@2 to /home/bobywoby/.config/discord/0.0.94/modules/pending/discord_voice-2.zip: 88%
5/17/2025, 11:32:29 AM CDT [Modules] Streaming discord_voice@2 to /home/bobywoby/.config/discord/0.0.94/modules/pending/discord_voice-2.zip: 89%
5/17/2025, 11:32:29 AM CDT [Modules] Streaming discord_voice@2 to /home/bobywoby/.config/discord/0.0.94/modules/pending/discord_voice-2.zip: 90%
5/17/2025, 11:32:29 AM CDT [Modules] Streaming discord_voice@2 to /home/bobywoby/.config/discord/0.0.94/modules/pending/discord_voice-2.zip: 91%
5/17/2025, 11:32:29 AM CDT [Modules] Streaming discord_voice@2 to /home/bobywoby/.config/discord/0.0.94/modules/pending/discord_voice-2.zip: 92%
5/17/2025, 11:32:29 AM CDT [Modules] Streaming discord_voice@2 to /home/bobywoby/.config/discord/0.0.94/modules/pending/discord_voice-2.zip: 93%
5/17/2025, 11:32:29 AM CDT [Modules] Streaming discord_voice@2 to /home/bobywoby/.config/discord/0.0.94/modules/pending/discord_voice-2.zip: 94%
5/17/2025, 11:32:29 AM CDT [Modules] Streaming discord_voice@2 to /home/bobywoby/.config/discord/0.0.94/modules/pending/discord_voice-2.zip: 95%
5/17/2025, 11:32:29 AM CDT [Modules] Streaming discord_voice@2 to /home/bobywoby/.config/discord/0.0.94/modules/pending/discord_voice-2.zip: 96%
5/17/2025, 11:32:29 AM CDT [Modules] Streaming discord_voice@2 to /home/bobywoby/.config/discord/0.0.94/modules/pending/discord_voice-2.zip: 97%
5/17/2025, 11:32:29 AM CDT [Modules] Streaming discord_voice@2 to /home/bobywoby/.config/discord/0.0.94/modules/pending/discord_voice-2.zip: 98%
5/17/2025, 11:32:30 AM CDT [Modules] Streaming discord_voice@2 to /home/bobywoby/.config/discord/0.0.94/modules/pending/discord_voice-2.zip: 99%
5/17/2025, 11:32:30 AM CDT [Modules] Streaming discord_voice@2 to /home/bobywoby/.config/discord/0.0.94/modules/pending/discord_voice-2.zip: 100%
5/17/2025, 11:32:30 AM CDT [Modules] Fetching discord_zstd@1 from https://discord.com/api/modules/stable/discord_zstd/1
5/17/2025, 11:32:30 AM CDT [Modules] Streaming discord_zstd@1 to /home/bobywoby/.config/discord/0.0.94/modules/pending/discord_zstd-1.zip
5/17/2025, 11:32:30 AM CDT [Modules] Streaming discord_zstd@1 to /home/bobywoby/.config/discord/0.0.94/modules/pending/discord_zstd-1.zip: 12%
5/17/2025, 11:32:30 AM CDT [Modules] Streaming discord_zstd@1 to /home/bobywoby/.config/discord/0.0.94/modules/pending/discord_zstd-1.zip: 14%
5/17/2025, 11:32:30 AM CDT [Modules] Streaming discord_zstd@1 to /home/bobywoby/.config/discord/0.0.94/modules/pending/discord_zstd-1.zip: 41%
5/17/2025, 11:32:30 AM CDT [Modules] Streaming discord_zstd@1 to /home/bobywoby/.config/discord/0.0.94/modules/pending/discord_zstd-1.zip: 45%
5/17/2025, 11:32:30 AM CDT [Modules] Streaming discord_zstd@1 to /home/bobywoby/.config/discord/0.0.94/modules/pending/discord_zstd-1.zip: 55%
5/17/2025, 11:32:30 AM CDT [Modules] Streaming discord_zstd@1 to /home/bobywoby/.config/discord/0.0.94/modules/pending/discord_zstd-1.zip: 66%
5/17/2025, 11:32:30 AM CDT [Modules] Streaming discord_zstd@1 to /home/bobywoby/.config/discord/0.0.94/modules/pending/discord_zstd-1.zip: 79%
5/17/2025, 11:32:30 AM CDT [Modules] Streaming discord_zstd@1 to /home/bobywoby/.config/discord/0.0.94/modules/pending/discord_zstd-1.zip: 96%
5/17/2025, 11:32:30 AM CDT [Modules] Streaming discord_zstd@1 to /home/bobywoby/.config/discord/0.0.94/modules/pending/discord_zstd-1.zip: 100%
5/17/2025, 11:32:30 AM CDT [Modules] Finished module downloads. [success: 6] [failure: 0]
5/17/2025, 11:32:30 AM CDT [Modules] Installing updates...
5/17/2025, 11:32:30 AM CDT [Modules] Installing discord_desktop_core@1 from /home/bobywoby/.config/discord/0.0.94/modules/pending/discord_desktop_core-1.zip
5/17/2025, 11:32:30 AM CDT [Modules] Installing discord_erlpack@1 from /home/bobywoby/.config/discord/0.0.94/modules/pending/discord_erlpack-1.zip
5/17/2025, 11:32:30 AM CDT [Modules] Installing discord_spellcheck@1 from /home/bobywoby/.config/discord/0.0.94/modules/pending/discord_spellcheck-1.zip
5/17/2025, 11:32:31 AM CDT [Modules] Installing discord_utils@1 from /home/bobywoby/.config/discord/0.0.94/modules/pending/discord_utils-1.zip
5/17/2025, 11:32:31 AM CDT [Modules] Installing discord_voice@2 from /home/bobywoby/.config/discord/0.0.94/modules/pending/discord_voice-2.zip
5/17/2025, 11:32:32 AM CDT [Modules] Installing discord_zstd@1 from /home/bobywoby/.config/discord/0.0.94/modules/pending/discord_zstd-1.zip
5/17/2025, 11:32:32 AM CDT [Modules] Finished module installations. [success: 6] [failure: 0]
5/17/2025, 11:32:32 AM CDT [Modules] Checking for host updates.
5/17/2025, 11:32:32 AM CDT [Modules] Host is up to date.
5/17/2025, 11:32:32 AM CDT [Modules] Checking for module updates at https://discord.com/api/modules/stable/versions.json
5/17/2025, 11:32:32 AM CDT [Modules] No module updates available.
5/17/2025, 11:32:33 AM CDT [Modules] Starting to install discord_krisp...
5/17/2025, 11:32:33 AM CDT [Modules] Fetching discord_krisp@1 from https://discord.com/api/modules/stable/discord_krisp/1
5/17/2025, 11:32:33 AM CDT [Modules] Streaming discord_krisp@1 to /home/bobywoby/.config/discord/0.0.94/modules/pending/discord_krisp-1.zip
5/17/2025, 11:32:33 AM CDT [Modules] Starting to install discord_game_utils...
5/17/2025, 11:32:33 AM CDT [Modules] Streaming discord_krisp@1 to /home/bobywoby/.config/discord/0.0.94/modules/pending/discord_krisp-1.zip: 1%
5/17/2025, 11:32:33 AM CDT [Modules] Streaming discord_krisp@1 to /home/bobywoby/.config/discord/0.0.94/modules/pending/discord_krisp-1.zip: 2%
5/17/2025, 11:32:33 AM CDT [Modules] Streaming discord_krisp@1 to /home/bobywoby/.config/discord/0.0.94/modules/pending/discord_krisp-1.zip: 4%
5/17/2025, 11:32:33 AM CDT [Modules] Streaming discord_krisp@1 to /home/bobywoby/.config/discord/0.0.94/modules/pending/discord_krisp-1.zip: 5%
5/17/2025, 11:32:33 AM CDT [Modules] Streaming discord_krisp@1 to /home/bobywoby/.config/discord/0.0.94/modules/pending/discord_krisp-1.zip: 6%
5/17/2025, 11:32:33 AM CDT [Modules] Streaming discord_krisp@1 to /home/bobywoby/.config/discord/0.0.94/modules/pending/discord_krisp-1.zip: 7%
5/17/2025, 11:32:33 AM CDT [Modules] Streaming discord_krisp@1 to /home/bobywoby/.config/discord/0.0.94/modules/pending/discord_krisp-1.zip: 8%
5/17/2025, 11:32:33 AM CDT [Modules] Streaming discord_krisp@1 to /home/bobywoby/.config/discord/0.0.94/modules/pending/discord_krisp-1.zip: 9%
5/17/2025, 11:32:33 AM CDT [Modules] Streaming discord_krisp@1 to /home/bobywoby/.config/discord/0.0.94/modules/pending/discord_krisp-1.zip: 10%
5/17/2025, 11:32:33 AM CDT [Modules] Streaming discord_krisp@1 to /home/bobywoby/.config/discord/0.0.94/modules/pending/discord_krisp-1.zip: 11%
5/17/2025, 11:32:33 AM CDT [Modules] Streaming discord_krisp@1 to /home/bobywoby/.config/discord/0.0.94/modules/pending/discord_krisp-1.zip: 12%
5/17/2025, 11:32:33 AM CDT [Modules] Streaming discord_krisp@1 to /home/bobywoby/.config/discord/0.0.94/modules/pending/discord_krisp-1.zip: 13%
5/17/2025, 11:32:33 AM CDT [Modules] Streaming discord_krisp@1 to /home/bobywoby/.config/discord/0.0.94/modules/pending/discord_krisp-1.zip: 14%
5/17/2025, 11:32:33 AM CDT [Modules] Streaming discord_krisp@1 to /home/bobywoby/.config/discord/0.0.94/modules/pending/discord_krisp-1.zip: 15%
5/17/2025, 11:32:33 AM CDT [Modules] Streaming discord_krisp@1 to /home/bobywoby/.config/discord/0.0.94/modules/pending/discord_krisp-1.zip: 16%
5/17/2025, 11:32:33 AM CDT [Modules] Streaming discord_krisp@1 to /home/bobywoby/.config/discord/0.0.94/modules/pending/discord_krisp-1.zip: 18%
5/17/2025, 11:32:33 AM CDT [Modules] Streaming discord_krisp@1 to /home/bobywoby/.config/discord/0.0.94/modules/pending/discord_krisp-1.zip: 19%
5/17/2025, 11:32:33 AM CDT [Modules] Streaming discord_krisp@1 to /home/bobywoby/.config/discord/0.0.94/modules/pending/discord_krisp-1.zip: 20%
5/17/2025, 11:32:33 AM CDT [Modules] Streaming discord_krisp@1 to /home/bobywoby/.config/discord/0.0.94/modules/pending/discord_krisp-1.zip: 21%
5/17/2025, 11:32:33 AM CDT [Modules] Streaming discord_krisp@1 to /home/bobywoby/.config/discord/0.0.94/modules/pending/discord_krisp-1.zip: 22%
5/17/2025, 11:32:33 AM CDT [Modules] Streaming discord_krisp@1 to /home/bobywoby/.config/discord/0.0.94/modules/pending/discord_krisp-1.zip: 23%
5/17/2025, 11:32:33 AM CDT [Modules] Streaming discord_krisp@1 to /home/bobywoby/.config/discord/0.0.94/modules/pending/discord_krisp-1.zip: 24%
5/17/2025, 11:32:33 AM CDT [Modules] Streaming discord_krisp@1 to /home/bobywoby/.config/discord/0.0.94/modules/pending/discord_krisp-1.zip: 25%
5/17/2025, 11:32:33 AM CDT [Modules] Streaming discord_krisp@1 to /home/bobywoby/.config/discord/0.0.94/modules/pending/discord_krisp-1.zip: 26%
5/17/2025, 11:32:33 AM CDT [Modules] Streaming discord_krisp@1 to /home/bobywoby/.config/discord/0.0.94/modules/pending/discord_krisp-1.zip: 27%
5/17/2025, 11:32:33 AM CDT [Modules] Streaming discord_krisp@1 to /home/bobywoby/.config/discord/0.0.94/modules/pending/discord_krisp-1.zip: 28%
5/17/2025, 11:32:33 AM CDT [Modules] Streaming discord_krisp@1 to /home/bobywoby/.config/discord/0.0.94/modules/pending/discord_krisp-1.zip: 29%
5/17/2025, 11:32:33 AM CDT [Modules] Streaming discord_krisp@1 to /home/bobywoby/.config/discord/0.0.94/modules/pending/discord_krisp-1.zip: 30%
5/17/2025, 11:32:33 AM CDT [Modules] Streaming discord_krisp@1 to /home/bobywoby/.config/discord/0.0.94/modules/pending/discord_krisp-1.zip: 31%
5/17/2025, 11:32:33 AM CDT [Modules] Streaming discord_krisp@1 to /home/bobywoby/.config/discord/0.0.94/modules/pending/discord_krisp-1.zip: 32%
5/17/2025, 11:32:33 AM CDT [Modules] Streaming discord_krisp@1 to /home/bobywoby/.config/discord/0.0.94/modules/pending/discord_krisp-1.zip: 33%
5/17/2025, 11:32:33 AM CDT [Modules] Streaming discord_krisp@1 to /home/bobywoby/.config/discord/0.0.94/modules/pending/discord_krisp-1.zip: 34%
5/17/2025, 11:32:33 AM CDT [Modules] Streaming discord_krisp@1 to /home/bobywoby/.config/discord/0.0.94/modules/pending/discord_krisp-1.zip: 35%
5/17/2025, 11:32:33 AM CDT [Modules] Starting to install discord_rpc...
5/17/2025, 11:32:33 AM CDT [Modules] Streaming discord_krisp@1 to /home/bobywoby/.config/discord/0.0.94/modules/pending/discord_krisp-1.zip: 36%
5/17/2025, 11:32:33 AM CDT [Modules] Streaming discord_krisp@1 to /home/bobywoby/.config/discord/0.0.94/modules/pending/discord_krisp-1.zip: 38%
5/17/2025, 11:32:33 AM CDT [Modules] Streaming discord_krisp@1 to /home/bobywoby/.config/discord/0.0.94/modules/pending/discord_krisp-1.zip: 39%
5/17/2025, 11:32:33 AM CDT [Modules] Streaming discord_krisp@1 to /home/bobywoby/.config/discord/0.0.94/modules/pending/discord_krisp-1.zip: 41%
5/17/2025, 11:32:33 AM CDT [Modules] Streaming discord_krisp@1 to /home/bobywoby/.config/discord/0.0.94/modules/pending/discord_krisp-1.zip: 42%
5/17/2025, 11:32:33 AM CDT [Modules] Streaming discord_krisp@1 to /home/bobywoby/.config/discord/0.0.94/modules/pending/discord_krisp-1.zip: 43%
5/17/2025, 11:32:33 AM CDT [Modules] Streaming discord_krisp@1 to /home/bobywoby/.config/discord/0.0.94/modules/pending/discord_krisp-1.zip: 44%
5/17/2025, 11:32:34 AM CDT [Modules] Streaming discord_krisp@1 to /home/bobywoby/.config/discord/0.0.94/modules/pending/discord_krisp-1.zip: 45%
5/17/2025, 11:32:34 AM CDT [Modules] Streaming discord_krisp@1 to /home/bobywoby/.config/discord/0.0.94/modules/pending/discord_krisp-1.zip: 46%
5/17/2025, 11:32:34 AM CDT [Modules] Streaming discord_krisp@1 to /home/bobywoby/.config/discord/0.0.94/modules/pending/discord_krisp-1.zip: 47%
5/17/2025, 11:32:34 AM CDT [Modules] Streaming discord_krisp@1 to /home/bobywoby/.config/discord/0.0.94/modules/pending/discord_krisp-1.zip: 48%
5/17/2025, 11:32:34 AM CDT [Modules] Streaming discord_krisp@1 to /home/bobywoby/.config/discord/0.0.94/modules/pending/discord_krisp-1.zip: 49%
5/17/2025, 11:32:34 AM CDT [Modules] Streaming discord_krisp@1 to /home/bobywoby/.config/discord/0.0.94/modules/pending/discord_krisp-1.zip: 50%
5/17/2025, 11:32:34 AM CDT [Modules] Streaming discord_krisp@1 to /home/bobywoby/.config/discord/0.0.94/modules/pending/discord_krisp-1.zip: 51%
5/17/2025, 11:32:34 AM CDT [Modules] Streaming discord_krisp@1 to /home/bobywoby/.config/discord/0.0.94/modules/pending/discord_krisp-1.zip: 52%
5/17/2025, 11:32:34 AM CDT [Modules] Streaming discord_krisp@1 to /home/bobywoby/.config/discord/0.0.94/modules/pending/discord_krisp-1.zip: 53%
5/17/2025, 11:32:34 AM CDT [Modules] Streaming discord_krisp@1 to /home/bobywoby/.config/discord/0.0.94/modules/pending/discord_krisp-1.zip: 54%
5/17/2025, 11:32:34 AM CDT [Modules] Streaming discord_krisp@1 to /home/bobywoby/.config/discord/0.0.94/modules/pending/discord_krisp-1.zip: 55%
5/17/2025, 11:32:34 AM CDT [Modules] Streaming discord_krisp@1 to /home/bobywoby/.config/discord/0.0.94/modules/pending/discord_krisp-1.zip: 56%
5/17/2025, 11:32:34 AM CDT [Modules] Streaming discord_krisp@1 to /home/bobywoby/.config/discord/0.0.94/modules/pending/discord_krisp-1.zip: 57%
5/17/2025, 11:32:34 AM CDT [Modules] Streaming discord_krisp@1 to /home/bobywoby/.config/discord/0.0.94/modules/pending/discord_krisp-1.zip: 58%
5/17/2025, 11:32:34 AM CDT [Modules] Streaming discord_krisp@1 to /home/bobywoby/.config/discord/0.0.94/modules/pending/discord_krisp-1.zip: 59%
5/17/2025, 11:32:34 AM CDT [Modules] Streaming discord_krisp@1 to /home/bobywoby/.config/discord/0.0.94/modules/pending/discord_krisp-1.zip: 60%
5/17/2025, 11:32:34 AM CDT [Modules] Streaming discord_krisp@1 to /home/bobywoby/.config/discord/0.0.94/modules/pending/discord_krisp-1.zip: 61%
5/17/2025, 11:32:34 AM CDT [Modules] Streaming discord_krisp@1 to /home/bobywoby/.config/discord/0.0.94/modules/pending/discord_krisp-1.zip: 62%
5/17/2025, 11:32:34 AM CDT [Modules] Streaming discord_krisp@1 to /home/bobywoby/.config/discord/0.0.94/modules/pending/discord_krisp-1.zip: 63%
5/17/2025, 11:32:34 AM CDT [Modules] Streaming discord_krisp@1 to /home/bobywoby/.config/discord/0.0.94/modules/pending/discord_krisp-1.zip: 64%
5/17/2025, 11:32:34 AM CDT [Modules] Streaming discord_krisp@1 to /home/bobywoby/.config/discord/0.0.94/modules/pending/discord_krisp-1.zip: 65%
5/17/2025, 11:32:34 AM CDT [Modules] Streaming discord_krisp@1 to /home/bobywoby/.config/discord/0.0.94/modules/pending/discord_krisp-1.zip: 66%
5/17/2025, 11:32:34 AM CDT [Modules] Streaming discord_krisp@1 to /home/bobywoby/.config/discord/0.0.94/modules/pending/discord_krisp-1.zip: 67%
5/17/2025, 11:32:34 AM CDT [Modules] Streaming discord_krisp@1 to /home/bobywoby/.config/discord/0.0.94/modules/pending/discord_krisp-1.zip: 68%
5/17/2025, 11:32:34 AM CDT [Modules] Streaming discord_krisp@1 to /home/bobywoby/.config/discord/0.0.94/modules/pending/discord_krisp-1.zip: 69%
5/17/2025, 11:32:34 AM CDT [Modules] Streaming discord_krisp@1 to /home/bobywoby/.config/discord/0.0.94/modules/pending/discord_krisp-1.zip: 70%
5/17/2025, 11:32:34 AM CDT [Modules] Streaming discord_krisp@1 to /home/bobywoby/.config/discord/0.0.94/modules/pending/discord_krisp-1.zip: 71%
5/17/2025, 11:32:34 AM CDT [Modules] Streaming discord_krisp@1 to /home/bobywoby/.config/discord/0.0.94/modules/pending/discord_krisp-1.zip: 72%
5/17/2025, 11:32:34 AM CDT [Modules] Streaming discord_krisp@1 to /home/bobywoby/.config/discord/0.0.94/modules/pending/discord_krisp-1.zip: 73%
5/17/2025, 11:32:34 AM CDT [Modules] Streaming discord_krisp@1 to /home/bobywoby/.config/discord/0.0.94/modules/pending/discord_krisp-1.zip: 74%
5/17/2025, 11:32:34 AM CDT [Modules] Streaming discord_krisp@1 to /home/bobywoby/.config/discord/0.0.94/modules/pending/discord_krisp-1.zip: 75%
5/17/2025, 11:32:34 AM CDT [Modules] Streaming discord_krisp@1 to /home/bobywoby/.config/discord/0.0.94/modules/pending/discord_krisp-1.zip: 76%
5/17/2025, 11:32:34 AM CDT [Modules] Streaming discord_krisp@1 to /home/bobywoby/.config/discord/0.0.94/modules/pending/discord_krisp-1.zip: 77%
5/17/2025, 11:32:34 AM CDT [Modules] Streaming discord_krisp@1 to /home/bobywoby/.config/discord/0.0.94/modules/pending/discord_krisp-1.zip: 78%
5/17/2025, 11:32:34 AM CDT [Modules] Streaming discord_krisp@1 to /home/bobywoby/.config/discord/0.0.94/modules/pending/discord_krisp-1.zip: 79%
5/17/2025, 11:32:34 AM CDT [Modules] Streaming discord_krisp@1 to /home/bobywoby/.config/discord/0.0.94/modules/pending/discord_krisp-1.zip: 80%
5/17/2025, 11:32:34 AM CDT [Modules] Streaming discord_krisp@1 to /home/bobywoby/.config/discord/0.0.94/modules/pending/discord_krisp-1.zip: 81%
5/17/2025, 11:32:34 AM CDT [Modules] Streaming discord_krisp@1 to /home/bobywoby/.config/discord/0.0.94/modules/pending/discord_krisp-1.zip: 82%
5/17/2025, 11:32:34 AM CDT [Modules] Streaming discord_krisp@1 to /home/bobywoby/.config/discord/0.0.94/modules/pending/discord_krisp-1.zip: 83%
5/17/2025, 11:32:34 AM CDT [Modules] Streaming discord_krisp@1 to /home/bobywoby/.config/discord/0.0.94/modules/pending/discord_krisp-1.zip: 84%
5/17/2025, 11:32:34 AM CDT [Modules] Streaming discord_krisp@1 to /home/bobywoby/.config/discord/0.0.94/modules/pending/discord_krisp-1.zip: 85%
5/17/2025, 11:32:34 AM CDT [Modules] Streaming discord_krisp@1 to /home/bobywoby/.config/discord/0.0.94/modules/pending/discord_krisp-1.zip: 86%
5/17/2025, 11:32:34 AM CDT [Modules] Streaming discord_krisp@1 to /home/bobywoby/.config/discord/0.0.94/modules/pending/discord_krisp-1.zip: 87%
5/17/2025, 11:32:34 AM CDT [Modules] Streaming discord_krisp@1 to /home/bobywoby/.config/discord/0.0.94/modules/pending/discord_krisp-1.zip: 88%
5/17/2025, 11:32:34 AM CDT [Modules] Streaming discord_krisp@1 to /home/bobywoby/.config/discord/0.0.94/modules/pending/discord_krisp-1.zip: 89%
5/17/2025, 11:32:34 AM CDT [Modules] Streaming discord_krisp@1 to /home/bobywoby/.config/discord/0.0.94/modules/pending/discord_krisp-1.zip: 90%
5/17/2025, 11:32:34 AM CDT [Modules] Streaming discord_krisp@1 to /home/bobywoby/.config/discord/0.0.94/modules/pending/discord_krisp-1.zip: 91%
5/17/2025, 11:32:34 AM CDT [Modules] Streaming discord_krisp@1 to /home/bobywoby/.config/discord/0.0.94/modules/pending/discord_krisp-1.zip: 92%
5/17/2025, 11:32:34 AM CDT [Modules] Streaming discord_krisp@1 to /home/bobywoby/.config/discord/0.0.94/modules/pending/discord_krisp-1.zip: 93%
5/17/2025, 11:32:34 AM CDT [Modules] Streaming discord_krisp@1 to /home/bobywoby/.config/discord/0.0.94/modules/pending/discord_krisp-1.zip: 94%
5/17/2025, 11:32:34 AM CDT [Modules] Streaming discord_krisp@1 to /home/bobywoby/.config/discord/0.0.94/modules/pending/discord_krisp-1.zip: 95%
5/17/2025, 11:32:34 AM CDT [Modules] Streaming discord_krisp@1 to /home/bobywoby/.config/discord/0.0.94/modules/pending/discord_krisp-1.zip: 96%
5/17/2025, 11:32:34 AM CDT [Modules] Streaming discord_krisp@1 to /home/bobywoby/.config/discord/0.0.94/modules/pending/discord_krisp-1.zip: 97%
5/17/2025, 11:32:34 AM CDT [Modules] Streaming discord_krisp@1 to /home/bobywoby/.config/discord/0.0.94/modules/pending/discord_krisp-1.zip: 98%
5/17/2025, 11:32:34 AM CDT [Modules] Streaming discord_krisp@1 to /home/bobywoby/.config/discord/0.0.94/modules/pending/discord_krisp-1.zip: 99%
5/17/2025, 11:32:34 AM CDT [Modules] Streaming discord_krisp@1 to /home/bobywoby/.config/discord/0.0.94/modules/pending/discord_krisp-1.zip: 100%
5/17/2025, 11:32:34 AM CDT [Modules] Fetching discord_game_utils@1 from https://discord.com/api/modules/stable/discord_game_utils/1
5/17/2025, 11:32:34 AM CDT [Modules] Streaming discord_game_utils@1 to /home/bobywoby/.config/discord/0.0.94/modules/pending/discord_game_utils-1.zip
5/17/2025, 11:32:34 AM CDT [Modules] Installing discord_krisp@1 from /home/bobywoby/.config/discord/0.0.94/modules/pending/discord_krisp-1.zip
5/17/2025, 11:32:34 AM CDT [Modules] Streaming discord_game_utils@1 to /home/bobywoby/.config/discord/0.0.94/modules/pending/discord_game_utils-1.zip: 1%
5/17/2025, 11:32:34 AM CDT [Modules] Streaming discord_game_utils@1 to /home/bobywoby/.config/discord/0.0.94/modules/pending/discord_game_utils-1.zip: 2%
5/17/2025, 11:32:34 AM CDT [Modules] Streaming discord_game_utils@1 to /home/bobywoby/.config/discord/0.0.94/modules/pending/discord_game_utils-1.zip: 4%
5/17/2025, 11:32:34 AM CDT [Modules] Streaming discord_game_utils@1 to /home/bobywoby/.config/discord/0.0.94/modules/pending/discord_game_utils-1.zip: 5%
5/17/2025, 11:32:34 AM CDT [Modules] Streaming discord_game_utils@1 to /home/bobywoby/.config/discord/0.0.94/modules/pending/discord_game_utils-1.zip: 7%
5/17/2025, 11:32:34 AM CDT [Modules] Streaming discord_game_utils@1 to /home/bobywoby/.config/discord/0.0.94/modules/pending/discord_game_utils-1.zip: 8%
5/17/2025, 11:32:34 AM CDT [Modules] Streaming discord_game_utils@1 to /home/bobywoby/.config/discord/0.0.94/modules/pending/discord_game_utils-1.zip: 9%
5/17/2025, 11:32:34 AM CDT [Modules] Streaming discord_game_utils@1 to /home/bobywoby/.config/discord/0.0.94/modules/pending/discord_game_utils-1.zip: 12%
5/17/2025, 11:32:34 AM CDT [Modules] Streaming discord_game_utils@1 to /home/bobywoby/.config/discord/0.0.94/modules/pending/discord_game_utils-1.zip: 13%
5/17/2025, 11:32:34 AM CDT [Modules] Streaming discord_game_utils@1 to /home/bobywoby/.config/discord/0.0.94/modules/pending/discord_game_utils-1.zip: 16%
5/17/2025, 11:32:34 AM CDT [Modules] Streaming discord_game_utils@1 to /home/bobywoby/.config/discord/0.0.94/modules/pending/discord_game_utils-1.zip: 20%
5/17/2025, 11:32:34 AM CDT [Modules] Streaming discord_game_utils@1 to /home/bobywoby/.config/discord/0.0.94/modules/pending/discord_game_utils-1.zip: 33%
5/17/2025, 11:32:34 AM CDT [Modules] Finished module installations. [success: 1] [failure: 0]
5/17/2025, 11:32:34 AM CDT [Modules] Streaming discord_game_utils@1 to /home/bobywoby/.config/discord/0.0.94/modules/pending/discord_game_utils-1.zip: 34%
5/17/2025, 11:32:34 AM CDT [Modules] Streaming discord_game_utils@1 to /home/bobywoby/.config/discord/0.0.94/modules/pending/discord_game_utils-1.zip: 36%
5/17/2025, 11:32:34 AM CDT [Modules] Streaming discord_game_utils@1 to /home/bobywoby/.config/discord/0.0.94/modules/pending/discord_game_utils-1.zip: 43%
5/17/2025, 11:32:34 AM CDT [Modules] Streaming discord_game_utils@1 to /home/bobywoby/.config/discord/0.0.94/modules/pending/discord_game_utils-1.zip: 46%
5/17/2025, 11:32:34 AM CDT [Modules] Streaming discord_game_utils@1 to /home/bobywoby/.config/discord/0.0.94/modules/pending/discord_game_utils-1.zip: 47%
5/17/2025, 11:32:34 AM CDT [Modules] Streaming discord_game_utils@1 to /home/bobywoby/.config/discord/0.0.94/modules/pending/discord_game_utils-1.zip: 48%
5/17/2025, 11:32:34 AM CDT [Modules] Streaming discord_game_utils@1 to /home/bobywoby/.config/discord/0.0.94/modules/pending/discord_game_utils-1.zip: 49%
5/17/2025, 11:32:34 AM CDT [Modules] Streaming discord_game_utils@1 to /home/bobywoby/.config/discord/0.0.94/modules/pending/discord_game_utils-1.zip: 50%
5/17/2025, 11:32:34 AM CDT [Modules] Streaming discord_game_utils@1 to /home/bobywoby/.config/discord/0.0.94/modules/pending/discord_game_utils-1.zip: 53%
5/17/2025, 11:32:34 AM CDT [Modules] Streaming discord_game_utils@1 to /home/bobywoby/.config/discord/0.0.94/modules/pending/discord_game_utils-1.zip: 55%
5/17/2025, 11:32:34 AM CDT [Modules] Streaming discord_game_utils@1 to /home/bobywoby/.config/discord/0.0.94/modules/pending/discord_game_utils-1.zip: 56%
5/17/2025, 11:32:34 AM CDT [Modules] Streaming discord_game_utils@1 to /home/bobywoby/.config/discord/0.0.94/modules/pending/discord_game_utils-1.zip: 57%
5/17/2025, 11:32:34 AM CDT [Modules] Streaming discord_game_utils@1 to /home/bobywoby/.config/discord/0.0.94/modules/pending/discord_game_utils-1.zip: 59%
5/17/2025, 11:32:34 AM CDT [Modules] Streaming discord_game_utils@1 to /home/bobywoby/.config/discord/0.0.94/modules/pending/discord_game_utils-1.zip: 60%
5/17/2025, 11:32:34 AM CDT [Modules] Streaming discord_game_utils@1 to /home/bobywoby/.config/discord/0.0.94/modules/pending/discord_game_utils-1.zip: 61%
5/17/2025, 11:32:34 AM CDT [Modules] Streaming discord_game_utils@1 to /home/bobywoby/.config/discord/0.0.94/modules/pending/discord_game_utils-1.zip: 64%
5/17/2025, 11:32:34 AM CDT [Modules] Streaming discord_game_utils@1 to /home/bobywoby/.config/discord/0.0.94/modules/pending/discord_game_utils-1.zip: 65%
5/17/2025, 11:32:34 AM CDT [Modules] Streaming discord_game_utils@1 to /home/bobywoby/.config/discord/0.0.94/modules/pending/discord_game_utils-1.zip: 68%
5/17/2025, 11:32:34 AM CDT [Modules] Streaming discord_game_utils@1 to /home/bobywoby/.config/discord/0.0.94/modules/pending/discord_game_utils-1.zip: 73%
5/17/2025, 11:32:34 AM CDT [Modules] Streaming discord_game_utils@1 to /home/bobywoby/.config/discord/0.0.94/modules/pending/discord_game_utils-1.zip: 86%
5/17/2025, 11:32:34 AM CDT [Modules] Streaming discord_game_utils@1 to /home/bobywoby/.config/discord/0.0.94/modules/pending/discord_game_utils-1.zip: 100%
5/17/2025, 11:32:34 AM CDT [Modules] Fetching discord_rpc@1 from https://discord.com/api/modules/stable/discord_rpc/1
5/17/2025, 11:32:34 AM CDT [Modules] Streaming discord_rpc@1 to /home/bobywoby/.config/discord/0.0.94/modules/pending/discord_rpc-1.zip
5/17/2025, 11:32:34 AM CDT [Modules] Installing discord_game_utils@1 from /home/bobywoby/.config/discord/0.0.94/modules/pending/discord_game_utils-1.zip
5/17/2025, 11:32:34 AM CDT [Modules] Finished module installations. [success: 1] [failure: 0]
5/17/2025, 11:32:34 AM CDT [Modules] Streaming discord_rpc@1 to /home/bobywoby/.config/discord/0.0.94/modules/pending/discord_rpc-1.zip: 23%
5/17/2025, 11:32:34 AM CDT [Modules] Streaming discord_rpc@1 to /home/bobywoby/.config/discord/0.0.94/modules/pending/discord_rpc-1.zip: 76%
5/17/2025, 11:32:34 AM CDT [Modules] Streaming discord_rpc@1 to /home/bobywoby/.config/discord/0.0.94/modules/pending/discord_rpc-1.zip: 94%
5/17/2025, 11:32:34 AM CDT [Modules] Streaming discord_rpc@1 to /home/bobywoby/.config/discord/0.0.94/modules/pending/discord_rpc-1.zip: 100%
5/17/2025, 11:32:34 AM CDT [Modules] Finished module downloads. [success: 3] [failure: 0]
5/17/2025, 11:32:34 AM CDT [Modules] Installing discord_rpc@1 from /home/bobywoby/.config/discord/0.0.94/modules/pending/discord_rpc-1.zip
5/17/2025, 11:32:35 AM CDT [Modules] Finished module installations. [success: 1] [failure: 0]
5/17/2025, 11:32:43 AM CDT [Modules] Checking for host updates.
5/17/2025, 11:32:44 AM CDT [Modules] Host is up to date.
5/17/2025, 11:32:44 AM CDT [Modules] Checking for module updates at https://discord.com/api/modules/stable/versions.json
5/17/2025, 11:32:44 AM CDT [Modules] No module updates available.
5/17/2025, 11:34:22 AM CDT [Modules] Modules initializing
5/17/2025, 11:34:22 AM CDT [Modules] Distribution: remote
5/17/2025, 11:34:22 AM CDT [Modules] Host updates: enabled
5/17/2025, 11:34:22 AM CDT [Modules] Module updates: enabled
5/17/2025, 11:34:22 AM CDT [Modules] Module install path: /home/bobywoby/.config/discord/0.0.94/modules
5/17/2025, 11:34:22 AM CDT [Modules] Module installed file path: /home/bobywoby/.config/discord/0.0.94/modules/installed.json
5/17/2025, 11:34:22 AM CDT [Modules] Module download path: /home/bobywoby/.config/discord/0.0.94/modules/pending
5/17/2025, 11:34:22 AM CDT [Modules] No updates to install
5/17/2025, 11:34:22 AM CDT [Modules] Checking for host updates.
5/17/2025, 11:34:23 AM CDT [Modules] Host is up to date.
5/17/2025, 11:34:23 AM CDT [Modules] Checking for module updates at https://discord.com/api/modules/stable/versions.json
5/17/2025, 11:34:23 AM CDT [Modules] No module updates available.
5/17/2025, 11:34:34 AM CDT [Modules] Checking for host updates.
5/17/2025, 11:34:35 AM CDT [Modules] Host is up to date.
5/17/2025, 11:34:35 AM CDT [Modules] Checking for module updates at https://discord.com/api/modules/stable/versions.json
5/17/2025, 11:34:35 AM CDT [Modules] No module updates available.
5/17/2025, 11:40:14 AM CDT [Modules] Modules initializing
5/17/2025, 11:40:14 AM CDT [Modules] Distribution: remote
5/17/2025, 11:40:14 AM CDT [Modules] Host updates: enabled
5/17/2025, 11:40:14 AM CDT [Modules] Module updates: enabled
5/17/2025, 11:40:14 AM CDT [Modules] Module install path: /home/bobywoby/.config/discord/0.0.94/modules
5/17/2025, 11:40:14 AM CDT [Modules] Module installed file path: /home/bobywoby/.config/discord/0.0.94/modules/installed.json
5/17/2025, 11:40:14 AM CDT [Modules] Module download path: /home/bobywoby/.config/discord/0.0.94/modules/pending
5/17/2025, 11:40:14 AM CDT [Modules] No updates to install
5/17/2025, 11:40:14 AM CDT [Modules] Checking for host updates.
5/17/2025, 11:40:15 AM CDT [Modules] Host is up to date.
5/17/2025, 11:40:15 AM CDT [Modules] Checking for module updates at https://discord.com/api/modules/stable/versions.json
5/17/2025, 11:40:15 AM CDT [Modules] No module updates available.
5/17/2025, 11:40:19 AM CDT [Modules] Checking for host updates.
5/17/2025, 11:40:19 AM CDT [Modules] Host is up to date.
5/17/2025, 11:40:19 AM CDT [Modules] Checking for module updates at https://discord.com/api/modules/stable/versions.json
5/17/2025, 11:40:19 AM CDT [Modules] No module updates available.
5/17/2025, 12:01:48 PM CDT [Modules] Modules initializing
5/17/2025, 12:01:48 PM CDT [Modules] Distribution: remote
5/17/2025, 12:01:48 PM CDT [Modules] Host updates: enabled
5/17/2025, 12:01:48 PM CDT [Modules] Module updates: enabled
5/17/2025, 12:01:48 PM CDT [Modules] Module install path: /home/bobywoby/.config/discord/0.0.94/modules
5/17/2025, 12:01:48 PM CDT [Modules] Module installed file path: /home/bobywoby/.config/discord/0.0.94/modules/installed.json
5/17/2025, 12:01:48 PM CDT [Modules] Module download path: /home/bobywoby/.config/discord/0.0.94/modules/pending
5/17/2025, 12:01:48 PM CDT [Modules] No updates to install
5/17/2025, 12:01:48 PM CDT [Modules] Checking for host updates.
5/17/2025, 12:01:48 PM CDT [Modules] Host update failed: Error: getaddrinfo EAI_AGAIN discord.com
5/17/2025, 12:01:58 PM CDT [Modules] Checking for host updates.
5/17/2025, 12:01:58 PM CDT [Modules] Host update failed: Error: getaddrinfo EAI_AGAIN discord.com
5/17/2025, 12:02:19 PM CDT [Modules] Checking for host updates.
5/17/2025, 12:02:19 PM CDT [Modules] Host is up to date.
5/17/2025, 12:02:19 PM CDT [Modules] Checking for module updates at https://discord.com/api/modules/stable/versions.json
5/17/2025, 12:02:19 PM CDT [Modules] No module updates available.
5/17/2025, 12:02:24 PM CDT [Modules] Checking for host updates.
5/17/2025, 12:02:25 PM CDT [Modules] Host is up to date.
5/17/2025, 12:02:25 PM CDT [Modules] Checking for module updates at https://discord.com/api/modules/stable/versions.json
5/17/2025, 12:02:25 PM CDT [Modules] No module updates available.
5/17/2025, 1:02:24 PM CDT [Modules] Checking for host updates.
5/17/2025, 1:02:24 PM CDT [Modules] Host is up to date.
5/17/2025, 1:02:24 PM CDT [Modules] Checking for module updates at https://discord.com/api/modules/stable/versions.json
5/17/2025, 1:02:24 PM CDT [Modules] No module updates available.
5/17/2025, 2:02:24 PM CDT [Modules] Checking for host updates.
5/17/2025, 2:02:24 PM CDT [Modules] Host is up to date.
5/17/2025, 2:02:24 PM CDT [Modules] Checking for module updates at https://discord.com/api/modules/stable/versions.json
5/17/2025, 2:02:24 PM CDT [Modules] No module updates available.
5/17/2025, 3:02:24 PM CDT [Modules] Checking for host updates.
5/17/2025, 3:02:24 PM CDT [Modules] Host is up to date.
5/17/2025, 3:02:24 PM CDT [Modules] Checking for module updates at https://discord.com/api/modules/stable/versions.json
5/17/2025, 3:02:24 PM CDT [Modules] No module updates available.
5/17/2025, 9:18:09 PM CDT [Modules] Checking for host updates.
5/17/2025, 9:18:09 PM CDT [Modules] Host is up to date.
5/17/2025, 9:18:09 PM CDT [Modules] Checking for module updates at https://discord.com/api/modules/stable/versions.json
5/17/2025, 9:18:09 PM CDT [Modules] No module updates available.
5/17/2025, 9:37:37 PM CDT [Modules] Modules initializing
5/17/2025, 9:37:37 PM CDT [Modules] Distribution: remote
5/17/2025, 9:37:37 PM CDT [Modules] Host updates: enabled
5/17/2025, 9:37:37 PM CDT [Modules] Module updates: enabled
5/17/2025, 9:37:37 PM CDT [Modules] Module install path: /home/bobywoby/.config/discord/0.0.94/modules
5/17/2025, 9:37:37 PM CDT [Modules] Module installed file path: /home/bobywoby/.config/discord/0.0.94/modules/installed.json
5/17/2025, 9:37:37 PM CDT [Modules] Module download path: /home/bobywoby/.config/discord/0.0.94/modules/pending
5/17/2025, 9:37:37 PM CDT [Modules] No updates to install
5/17/2025, 9:37:37 PM CDT [Modules] Checking for host updates.
5/17/2025, 9:37:37 PM CDT [Modules] Host update failed: Error: getaddrinfo EAI_AGAIN discord.com
5/17/2025, 9:37:47 PM CDT [Modules] Checking for host updates.
5/17/2025, 9:37:47 PM CDT [Modules] Host is up to date.
5/17/2025, 9:37:47 PM CDT [Modules] Checking for module updates at https://discord.com/api/modules/stable/versions.json
5/17/2025, 9:37:48 PM CDT [Modules] No module updates available.
5/17/2025, 9:37:53 PM CDT [Modules] Checking for host updates.
5/17/2025, 9:37:54 PM CDT [Modules] Host is up to date.
5/17/2025, 9:37:54 PM CDT [Modules] Checking for module updates at https://discord.com/api/modules/stable/versions.json
5/17/2025, 9:37:54 PM CDT [Modules] No module updates available.
5/17/2025, 10:37:53 PM CDT [Modules] Checking for host updates.
5/17/2025, 10:37:53 PM CDT [Modules] Host is up to date.
5/17/2025, 10:37:53 PM CDT [Modules] Checking for module updates at https://discord.com/api/modules/stable/versions.json
5/17/2025, 10:37:53 PM CDT [Modules] No module updates available.
5/17/2025, 11:37:53 PM CDT [Modules] Checking for host updates.
5/17/2025, 11:37:53 PM CDT [Modules] Host is up to date.
5/17/2025, 11:37:53 PM CDT [Modules] Checking for module updates at https://discord.com/api/modules/stable/versions.json
5/17/2025, 11:37:53 PM CDT [Modules] No module updates available.
5/18/2025, 12:53:35 PM CDT [Modules] Checking for host updates.
5/18/2025, 12:53:35 PM CDT [Modules] Host is up to date.
5/18/2025, 12:53:35 PM CDT [Modules] Checking for module updates at https://discord.com/api/modules/stable/versions.json
5/18/2025, 12:53:35 PM CDT [Modules] No module updates available.
5/18/2025, 1:05:18 PM CDT [Modules] Checking for host updates.
5/18/2025, 1:05:18 PM CDT [Modules] Host is up to date.
5/18/2025, 1:05:18 PM CDT [Modules] Checking for module updates at https://discord.com/api/modules/stable/versions.json
5/18/2025, 1:05:18 PM CDT [Modules] No module updates available.
5/18/2025, 2:03:52 PM CDT [Modules] Checking for host updates.
5/18/2025, 2:03:52 PM CDT [Modules] Host is up to date.
5/18/2025, 2:03:52 PM CDT [Modules] Checking for module updates at https://discord.com/api/modules/stable/versions.json
5/18/2025, 2:03:52 PM CDT [Modules] No module updates available.
5/18/2025, 2:04:41 PM CDT [Modules] Checking for host updates.
5/18/2025, 2:04:41 PM CDT [Modules] Host is up to date.
5/18/2025, 2:04:41 PM CDT [Modules] Checking for module updates at https://discord.com/api/modules/stable/versions.json
5/18/2025, 2:04:41 PM CDT [Modules] No module updates available.
5/18/2025, 2:05:19 PM CDT [Modules] Checking for host updates.
5/18/2025, 2:05:19 PM CDT [Modules] Host is up to date.
5/18/2025, 2:05:19 PM CDT [Modules] Checking for module updates at https://discord.com/api/modules/stable/versions.json
5/18/2025, 2:05:19 PM CDT [Modules] No module updates available.
5/18/2025, 3:03:52 PM CDT [Modules] Checking for host updates.
5/18/2025, 3:03:52 PM CDT [Modules] Host is up to date.
5/18/2025, 3:03:52 PM CDT [Modules] Checking for module updates at https://discord.com/api/modules/stable/versions.json
5/18/2025, 3:03:52 PM CDT [Modules] No module updates available.
5/18/2025, 3:04:41 PM CDT [Modules] Checking for host updates.
5/18/2025, 3:04:41 PM CDT [Modules] Host is up to date.
5/18/2025, 3:04:41 PM CDT [Modules] Checking for module updates at https://discord.com/api/modules/stable/versions.json
5/18/2025, 3:04:41 PM CDT [Modules] No module updates available.
5/18/2025, 3:05:19 PM CDT [Modules] Checking for host updates.
5/18/2025, 3:05:19 PM CDT [Modules] Host is up to date.
5/18/2025, 3:05:19 PM CDT [Modules] Checking for module updates at https://discord.com/api/modules/stable/versions.json
5/18/2025, 3:05:19 PM CDT [Modules] No module updates available.
5/18/2025, 3:22:21 PM CDT [Modules] Modules initializing
5/18/2025, 3:22:21 PM CDT [Modules] Distribution: remote
5/18/2025, 3:22:21 PM CDT [Modules] Host updates: enabled
5/18/2025, 3:22:21 PM CDT [Modules] Module updates: enabled
5/18/2025, 3:22:21 PM CDT [Modules] Module install path: /home/bobywoby/.config/discord/0.0.94/modules
5/18/2025, 3:22:21 PM CDT [Modules] Module installed file path: /home/bobywoby/.config/discord/0.0.94/modules/installed.json
5/18/2025, 3:22:21 PM CDT [Modules] Module download path: /home/bobywoby/.config/discord/0.0.94/modules/pending
5/18/2025, 3:22:21 PM CDT [Modules] No updates to install
5/18/2025, 3:22:21 PM CDT [Modules] Checking for host updates.
5/18/2025, 3:22:21 PM CDT [Modules] Host update failed: Error: getaddrinfo EAI_AGAIN discord.com
5/18/2025, 3:22:31 PM CDT [Modules] Checking for host updates.
5/18/2025, 3:22:31 PM CDT [Modules] Host is up to date.
5/18/2025, 3:22:31 PM CDT [Modules] Checking for module updates at https://discord.com/api/modules/stable/versions.json
5/18/2025, 3:22:31 PM CDT [Modules] No module updates available.
5/18/2025, 3:22:36 PM CDT [Modules] Checking for host updates.
5/18/2025, 3:22:38 PM CDT [Modules] Host is up to date.
5/18/2025, 3:22:38 PM CDT [Modules] Checking for module updates at https://discord.com/api/modules/stable/versions.json
5/18/2025, 3:22:38 PM CDT [Modules] No module updates available.
5/18/2025, 8:32:31 PM CDT [Modules] Checking for host updates.
5/18/2025, 8:32:31 PM CDT [Modules] Host is up to date.
5/18/2025, 8:32:31 PM CDT [Modules] Checking for module updates at https://discord.com/api/modules/stable/versions.json
5/18/2025, 8:32:31 PM CDT [Modules] No module updates available.
5/18/2025, 9:15:56 PM CDT [Modules] Modules initializing
5/18/2025, 9:15:56 PM CDT [Modules] Distribution: remote
5/18/2025, 9:15:56 PM CDT [Modules] Host updates: enabled
5/18/2025, 9:15:56 PM CDT [Modules] Module updates: enabled
5/18/2025, 9:15:56 PM CDT [Modules] Module install path: /home/bobywoby/.config/discord/0.0.94/modules
5/18/2025, 9:15:56 PM CDT [Modules] Module installed file path: /home/bobywoby/.config/discord/0.0.94/modules/installed.json
5/18/2025, 9:15:56 PM CDT [Modules] Module download path: /home/bobywoby/.config/discord/0.0.94/modules/pending
5/18/2025, 9:15:56 PM CDT [Modules] No updates to install
5/18/2025, 9:15:56 PM CDT [Modules] Checking for host updates.
5/18/2025, 9:15:56 PM CDT [Modules] Host update failed: Error: getaddrinfo EAI_AGAIN discord.com
5/18/2025, 9:16:06 PM CDT [Modules] Checking for host updates.
5/18/2025, 9:16:06 PM CDT [Modules] Host is up to date.
5/18/2025, 9:16:06 PM CDT [Modules] Checking for module updates at https://discord.com/api/modules/stable/versions.json
5/18/2025, 9:16:06 PM CDT [Modules] No module updates available.
5/18/2025, 9:16:11 PM CDT [Modules] Checking for host updates.
5/18/2025, 9:16:12 PM CDT [Modules] Host is up to date.
5/18/2025, 9:16:12 PM CDT [Modules] Checking for module updates at https://discord.com/api/modules/stable/versions.json
5/18/2025, 9:16:12 PM CDT [Modules] No module updates available.
5/18/2025, 10:16:11 PM CDT [Modules] Checking for host updates.
5/18/2025, 10:16:11 PM CDT [Modules] Host is up to date.
5/18/2025, 10:16:11 PM CDT [Modules] Checking for module updates at https://discord.com/api/modules/stable/versions.json
5/18/2025, 10:16:11 PM CDT [Modules] No module updates available.
5/18/2025, 11:16:11 PM CDT [Modules] Checking for host updates.
5/18/2025, 11:16:11 PM CDT [Modules] Host is up to date.
5/18/2025, 11:16:11 PM CDT [Modules] Checking for module updates at https://discord.com/api/modules/stable/versions.json
5/18/2025, 11:16:11 PM CDT [Modules] No module updates available.
5/19/2025, 5:00:12 PM CDT [Modules] Checking for host updates.
5/19/2025, 5:00:12 PM CDT [Modules] Host update is available. Manual update required!
5/19/2025, 9:57:01 PM CDT [Modules] Modules initializing
5/19/2025, 9:57:01 PM CDT [Modules] Distribution: remote
5/19/2025, 9:57:01 PM CDT [Modules] Host updates: enabled
5/19/2025, 9:57:01 PM CDT [Modules] Module updates: enabled
5/19/2025, 9:57:01 PM CDT [Modules] Module install path: /home/bobywoby/.config/discord/0.0.94/modules
5/19/2025, 9:57:01 PM CDT [Modules] Module installed file path: /home/bobywoby/.config/discord/0.0.94/modules/installed.json
5/19/2025, 9:57:01 PM CDT [Modules] Module download path: /home/bobywoby/.config/discord/0.0.94/modules/pending
5/19/2025, 9:57:01 PM CDT [Modules] No updates to install
5/19/2025, 9:57:01 PM CDT [Modules] Checking for host updates.
5/19/2025, 9:57:01 PM CDT [Modules] Host update failed: Error: getaddrinfo EAI_AGAIN discord.com
5/19/2025, 9:57:11 PM CDT [Modules] Checking for host updates.
5/19/2025, 9:57:12 PM CDT [Modules] Host update is available. Manual update required!
