5/17/2025, 11:32:26 AM CDT 0: 

----------------------------------------------
5/17/2025, 11:32:26 AM CDT 1: Discord starting: {"releaseChannel":"stable","version":"0.0.94"}, modulepath: /home/bobywoby/.config/discord/0.0.94/modules
5/17/2025, 11:32:26 AM CDT 2: ✅ webContents.created web1 ""
5/17/2025, 11:32:26 AM CDT 3: ✅ window.created win1 "discord"
5/17/2025, 11:32:26 AM CDT 4: ✅ webContents.did-finish-load web1
5/17/2025, 11:32:32 AM CDT 5: ✅ webContents.created web2 ""
5/17/2025, 11:32:32 AM CDT 6: ✅ window.created win2 "Discord"
5/17/2025, 11:32:33 AM CDT 7: ✅ webContents.did-finish-load web2
5/17/2025, 11:32:33 AM CDT 8: window.close win1
5/17/2025, 11:32:33 AM CDT 9: webContents.destroyed web1
5/17/2025, 11:32:33 AM CDT 10: window.closed win1
5/17/2025, 11:32:44 AM CDT 11: window.close win2
5/17/2025, 11:32:49 AM CDT 12: before-quit
5/17/2025, 11:32:49 AM CDT 13: window.close win2
5/17/2025, 11:32:49 AM CDT 14: webContents.destroyed web2
5/17/2025, 11:34:22 AM CDT 0: 

----------------------------------------------
5/17/2025, 11:34:22 AM CDT 1: Discord starting: {"releaseChannel":"stable","version":"0.0.94"}, modulepath: /home/bobywoby/.config/discord/0.0.94/modules
5/17/2025, 11:34:22 AM CDT 2: ✅ webContents.created web1 ""
5/17/2025, 11:34:22 AM CDT 3: ✅ window.created win1 "discord"
5/17/2025, 11:34:22 AM CDT 4: ✅ webContents.did-finish-load web1
5/17/2025, 11:34:23 AM CDT 5: ✅ webContents.created web2 ""
5/17/2025, 11:34:23 AM CDT 6: ✅ window.created win2 "Discord"
5/17/2025, 11:34:24 AM CDT 7: ✅ webContents.did-finish-load web2
5/17/2025, 11:34:24 AM CDT 8: window.close win1
5/17/2025, 11:34:24 AM CDT 9: webContents.destroyed web1
5/17/2025, 11:34:24 AM CDT 10: window.closed win1
5/17/2025, 11:34:26 AM CDT 11: ✅ webContents.did-finish-load web2
5/17/2025, 11:36:14 AM CDT 12: window.close win2
5/17/2025, 11:36:17 AM CDT 13: before-quit
5/17/2025, 11:36:17 AM CDT 14: window.close win2
5/17/2025, 11:36:17 AM CDT 15: webContents.destroyed web2
5/17/2025, 11:40:14 AM CDT 0: 

----------------------------------------------
5/17/2025, 11:40:14 AM CDT 1: Discord starting: {"releaseChannel":"stable","version":"0.0.94"}, modulepath: /home/bobywoby/.config/discord/0.0.94/modules
5/17/2025, 11:40:14 AM CDT 2: ✅ webContents.created web1 ""
5/17/2025, 11:40:14 AM CDT 3: ✅ window.created win1 "discord"
5/17/2025, 11:40:14 AM CDT 4: ✅ webContents.did-finish-load web1
5/17/2025, 11:40:15 AM CDT 5: ✅ webContents.created web2 ""
5/17/2025, 11:40:15 AM CDT 6: ✅ window.created win2 "Discord"
5/17/2025, 11:40:15 AM CDT 7: ✅ webContents.did-finish-load web2
5/17/2025, 11:40:15 AM CDT 8: window.close win1
5/17/2025, 11:40:15 AM CDT 9: webContents.destroyed web1
5/17/2025, 11:40:15 AM CDT 10: window.closed win1
5/17/2025, 11:40:28 AM CDT 0: 

----------------------------------------------
5/17/2025, 11:40:28 AM CDT 1: Discord starting: {"releaseChannel":"stable","version":"0.0.94"}, modulepath: /home/bobywoby/.config/discord/0.0.94/modules
5/17/2025, 11:40:30 AM CDT 11: window.close win2
5/17/2025, 11:40:33 AM CDT 0: 

----------------------------------------------
5/17/2025, 11:40:33 AM CDT 1: Discord starting: {"releaseChannel":"stable","version":"0.0.94"}, modulepath: /home/bobywoby/.config/discord/0.0.94/modules
5/17/2025, 12:01:27 PM CDT 12: before-quit
5/17/2025, 12:01:27 PM CDT 13: window.close win2
5/17/2025, 12:01:48 PM CDT 0: 

----------------------------------------------
5/17/2025, 12:01:48 PM CDT 1: Discord starting: {"releaseChannel":"stable","version":"0.0.94"}, modulepath: /home/bobywoby/.config/discord/0.0.94/modules
5/17/2025, 12:01:48 PM CDT 2: ✅ webContents.created web1 ""
5/17/2025, 12:01:48 PM CDT 3: ✅ window.created win1 "discord"
5/17/2025, 12:01:48 PM CDT 4: ✅ webContents.did-finish-load web1
5/17/2025, 12:02:19 PM CDT 5: ✅ webContents.created web2 ""
5/17/2025, 12:02:19 PM CDT 6: ✅ window.created win2 "Discord"
5/17/2025, 12:02:19 PM CDT 7: ✅ webContents.did-finish-load web2
5/17/2025, 12:02:19 PM CDT 8: window.close win1
5/17/2025, 12:02:19 PM CDT 9: webContents.destroyed web1
5/17/2025, 12:02:19 PM CDT 10: window.closed win1
5/17/2025, 1:19:32 PM CDT 0: 

----------------------------------------------
5/17/2025, 1:19:32 PM CDT 1: Discord starting: {"releaseChannel":"stable","version":"0.0.94"}, modulepath: /home/bobywoby/.config/discord/0.0.94/modules
5/17/2025, 1:35:20 PM CDT 0: 

----------------------------------------------
5/17/2025, 1:35:20 PM CDT 1: Discord starting: {"releaseChannel":"stable","version":"0.0.94"}, modulepath: /home/bobywoby/.config/discord/0.0.94/modules
5/17/2025, 9:37:37 PM CDT 0: 

----------------------------------------------
5/17/2025, 9:37:37 PM CDT 1: Discord starting: {"releaseChannel":"stable","version":"0.0.94"}, modulepath: /home/bobywoby/.config/discord/0.0.94/modules
5/17/2025, 9:37:37 PM CDT 2: ✅ webContents.created web1 ""
5/17/2025, 9:37:37 PM CDT 3: ✅ window.created win1 "discord"
5/17/2025, 9:37:37 PM CDT 4: ✅ webContents.did-finish-load web1
5/17/2025, 9:37:48 PM CDT 5: ✅ webContents.created web2 ""
5/17/2025, 9:37:48 PM CDT 6: ✅ window.created win2 "Discord"
5/17/2025, 9:37:48 PM CDT 7: ✅ webContents.did-finish-load web2
5/17/2025, 9:37:48 PM CDT 8: window.close win1
5/17/2025, 9:37:48 PM CDT 9: webContents.destroyed web1
5/17/2025, 9:37:48 PM CDT 10: window.closed win1
5/18/2025, 3:21:57 PM CDT 11: before-quit
5/18/2025, 3:22:21 PM CDT 0: 

----------------------------------------------
5/18/2025, 3:22:21 PM CDT 1: Discord starting: {"releaseChannel":"stable","version":"0.0.94"}, modulepath: /home/bobywoby/.config/discord/0.0.94/modules
5/18/2025, 3:22:21 PM CDT 2: ✅ webContents.created web1 ""
5/18/2025, 3:22:21 PM CDT 3: ✅ window.created win1 "discord"
5/18/2025, 3:22:21 PM CDT 4: ✅ webContents.did-finish-load web1
5/18/2025, 3:22:31 PM CDT 5: ✅ webContents.created web2 ""
5/18/2025, 3:22:31 PM CDT 6: ✅ window.created win2 "Discord"
5/18/2025, 3:22:32 PM CDT 7: ✅ webContents.did-finish-load web2
5/18/2025, 3:22:32 PM CDT 8: window.close win1
5/18/2025, 3:22:32 PM CDT 9: webContents.destroyed web1
5/18/2025, 3:22:32 PM CDT 10: window.closed win1
5/18/2025, 9:15:21 PM CDT 11: before-quit
5/18/2025, 9:15:56 PM CDT 0: 

----------------------------------------------
5/18/2025, 9:15:56 PM CDT 1: Discord starting: {"releaseChannel":"stable","version":"0.0.94"}, modulepath: /home/bobywoby/.config/discord/0.0.94/modules
5/18/2025, 9:15:56 PM CDT 2: ✅ webContents.created web1 ""
5/18/2025, 9:15:56 PM CDT 3: ✅ window.created win1 "discord"
5/18/2025, 9:15:56 PM CDT 4: ✅ webContents.did-finish-load web1
5/18/2025, 9:16:06 PM CDT 5: ✅ webContents.created web2 ""
5/18/2025, 9:16:06 PM CDT 6: ✅ window.created win2 "Discord"
5/18/2025, 9:16:06 PM CDT 7: ✅ webContents.did-finish-load web2
5/18/2025, 9:16:07 PM CDT 8: window.close win1
5/18/2025, 9:16:07 PM CDT 9: webContents.destroyed web1
5/18/2025, 9:16:07 PM CDT 10: window.closed win1
5/19/2025, 9:57:01 PM CDT 0: 

----------------------------------------------
5/19/2025, 9:57:01 PM CDT 1: Discord starting: {"releaseChannel":"stable","version":"0.0.94"}, modulepath: /home/bobywoby/.config/discord/0.0.94/modules
5/19/2025, 9:57:01 PM CDT 2: ✅ webContents.created web1 ""
5/19/2025, 9:57:01 PM CDT 3: ✅ window.created win1 "discord"
5/19/2025, 9:57:01 PM CDT 4: ✅ webContents.did-finish-load web1
5/20/2025, 9:00:56 PM CDT 5: before-quit
