2025-06-18 22:29:46 Loading main app package /usr/lib/obsidian/obsidian.asar
2025-06-18 22:29:46 Checking for update using Github
2025-06-18 22:29:46 Success.
2025-06-18 22:29:46 Latest version is 1.8.10
2025-06-18 22:29:46 App is up to date.
2025-06-18 22:29:57 Loading main app package /usr/lib/obsidian/obsidian.asar
2025-06-18 22:29:57 Checking for update using Github
2025-06-18 22:29:57 Success.
2025-06-18 22:29:57 Latest version is 1.8.10
2025-06-18 22:29:57 App is up to date.
2025-06-19 00:38:53 Loading main app package /usr/lib/obsidian/obsidian.asar
2025-06-19 00:38:53 Checking for update using Github
2025-06-19 00:38:53 Success.
2025-06-19 00:38:53 Latest version is 1.8.10
2025-06-19 00:38:53 App is up to date.
2025-06-19 01:38:53 Checking for update using Github
2025-06-19 01:38:53 Success.
2025-06-19 01:38:53 Latest version is 1.8.10
2025-06-19 01:38:53 App is up to date.
2025-06-19 02:38:53 Checking for update using Github
2025-06-19 02:38:53 Success.
2025-06-19 02:38:53 Latest version is 1.8.10
2025-06-19 02:38:53 App is up to date.
